-------------------------------------------------------------------------------
Test set: gson.GSONTest
-------------------------------------------------------------------------------
Tests run: 1, Failures: 1, Errors: 0, Skipped: 0, Time elapsed: 3.277 sec <<< FAILURE!
testRandomJsonGenerator(gson.GSONTest)  Time elapsed: 0.517 sec  <<< FAILURE!
java.lang.AssertionError: Property named 'testRandomJsonGenerator' failed (expected:<..."\u00C8\u00DD\u00CC\[u001C]\",\"mWznqhmNSsZKAHS...> but was:<..."\u00C8\u00DD\u00CC\[\u001c]\",\"mWznqhmNSsZKAHS...>):
With arguments: [dk.sdu.mmmi.fppt.generated.mqPLzBWBjRLJxarQw|{"LZdkbdWsHRMpQgvwKCxvsYBFiNZhwwALFpgpnZZEUzrxH":false,"zlgWbemimriQpKaSXIdZVvDLvHxNOajdJMI":-1867934312,"wKCFMTdiClxuRojmJqriDIULAv":false,"qOdrTMlAzQaqpnTAqWeY":0.9505821093966108,"vpxGsgqCmmifnPLogH":0.7055169659368706,"aeOtUURrACUdmtfLaFtKX":"ÈÝÌ","mWznqhmNSsZKAHSAswXUGAdnpghQnPVwclsKypUb":0.6052401,"rNCgnashDBLfFHexhZQrCRINFDAoKaqJw":0.2636991875270379,"FgvJaVEUxLzv":0.9987429997318925,"obxiaGJJAEseMMHuMUZjEPEcRFpWzhydxOQRYrPbhZd":-961612947}]
Seeds for reproduction: [3690311633869443899]
	at com.pholser.junit.quickcheck.runner.PropertyFalsified.counterexampleFound(PropertyFalsified.java:46)
	at com.pholser.junit.quickcheck.runner.ShrinkNode.fail(ShrinkNode.java:115)
	at com.pholser.junit.quickcheck.runner.Shrinker.shrink(Shrinker.java:90)
	at com.pholser.junit.quickcheck.runner.PropertyStatement.shrink(PropertyStatement.java:175)
	at com.pholser.junit.quickcheck.runner.PropertyStatement.lambda$property$52(PropertyStatement.java:152)
	at com.pholser.junit.quickcheck.runner.PropertyStatement$$Lambda$48/26800903.accept(Unknown Source)
	at com.pholser.junit.quickcheck.runner.PropertyVerifier$1.evaluate(PropertyVerifier.java:88)
	at com.pholser.junit.quickcheck.runner.PropertyVerifier.verify(PropertyVerifier.java:69)
	at com.pholser.junit.quickcheck.runner.PropertyStatement.evaluate(PropertyStatement.java:112)
	at org.junit.runners.ParentRunner.runLeaf(ParentRunner.java:325)
	at org.junit.runners.BlockJUnit4ClassRunner.runChild(BlockJUnit4ClassRunner.java:78)
	at org.junit.runners.BlockJUnit4ClassRunner.runChild(BlockJUnit4ClassRunner.java:57)
	at org.junit.runners.ParentRunner$3.run(ParentRunner.java:290)
	at org.junit.runners.ParentRunner$1.schedule(ParentRunner.java:71)
	at org.junit.runners.ParentRunner.runChildren(ParentRunner.java:288)
	at org.junit.runners.ParentRunner.access$000(ParentRunner.java:58)
	at org.junit.runners.ParentRunner$2.evaluate(ParentRunner.java:268)
	at org.junit.runners.ParentRunner.run(ParentRunner.java:363)
	at org.apache.maven.surefire.junit4.JUnit4TestSet.execute(JUnit4TestSet.java:53)
	at org.apache.maven.surefire.junit4.JUnit4Provider.executeTestSet(JUnit4Provider.java:123)
	at org.apache.maven.surefire.junit4.JUnit4Provider.invoke(JUnit4Provider.java:104)
	at sun.reflect.NativeMethodAccessorImpl.invoke0(Native Method)
	at sun.reflect.NativeMethodAccessorImpl.invoke(NativeMethodAccessorImpl.java:62)
	at sun.reflect.DelegatingMethodAccessorImpl.invoke(DelegatingMethodAccessorImpl.java:43)
	at java.lang.reflect.Method.invoke(Method.java:483)
	at org.apache.maven.surefire.util.ReflectionUtils.invokeMethodWithArray(ReflectionUtils.java:164)
	at org.apache.maven.surefire.booter.ProviderFactory$ProviderProxy.invoke(ProviderFactory.java:110)
	at org.apache.maven.surefire.booter.SurefireStarter.invokeProvider(SurefireStarter.java:175)
	at org.apache.maven.surefire.booter.SurefireStarter.runSuitesInProcessWhenForked(SurefireStarter.java:107)
	at org.apache.maven.surefire.booter.ForkedBooter.main(ForkedBooter.java:68)
Caused by: org.junit.ComparisonFailure: expected:<..."\u00C8\u00DD\u00CC\[u001C]\",\"mWznqhmNSsZKAHS...> but was:<..."\u00C8\u00DD\u00CC\[\u001c]\",\"mWznqhmNSsZKAHS...>
	at org.junit.Assert.assertEquals(Assert.java:115)
	at org.junit.Assert.assertEquals(Assert.java:144)
	at gson.GSONTest.testRandomJsonGenerator(GSONTest.java:172)
	at sun.reflect.NativeMethodAccessorImpl.invoke0(Native Method)
	at sun.reflect.NativeMethodAccessorImpl.invoke(NativeMethodAccessorImpl.java:62)
	at sun.reflect.DelegatingMethodAccessorImpl.invoke(DelegatingMethodAccessorImpl.java:43)
	at java.lang.reflect.Method.invoke(Method.java:483)
	at org.junit.runners.model.FrameworkMethod$1.runReflectiveCall(FrameworkMethod.java:50)
	at org.junit.internal.runners.model.ReflectiveCallable.run(ReflectiveCallable.java:12)
	at org.junit.runners.model.FrameworkMethod.invokeExplosively(FrameworkMethod.java:47)
	at com.pholser.junit.quickcheck.runner.PropertyVerifier$2.evaluate(PropertyVerifier.java:106)
	at com.pholser.junit.quickcheck.runner.PropertyVerifier$1.evaluate(PropertyVerifier.java:77)
	... 23 more
