-------------------------------------------------------------------------------
Test set: gson.GSONTest
-------------------------------------------------------------------------------
Tests run: 20, Failures: 1, Errors: 0, Skipped: 0, Time elapsed: 7.484 sec <<< FAILURE!
nullFieldsInJson(gson.GSONTest)  Time elapsed: 0.006 sec  <<< FAILURE!
java.lang.AssertionError: Unexpected error in property nullFieldsInJson with args [TestObject{text='', number=623563621, texts=[x\rqd2\u00D6\u201E\u0018., \u00B9:, \uC01B\u980D\u4152\uCC67\u0011, \u2002\uA1D8\uC804, d\u20ACY\u00D7\u0160, \u00E4\u00C9\u201E\u00D3~\u00E2, \u1894\u7AC0\uB6CE\u3CB0\uC1AE\uC3A3, \u1911\u0FD8\uC55E\u13E0\u4EB4\u1C77\u2CE6\u98E3\u9D0D\uB48C\u597C\u3E95\u3132\u93E3\u3BDA\u7600\u89E6\u94A0\u0FF5\u1D15\u2D26, O\u00FB], bool=true}] and seeds [-4025102308303647343]
	at com.pholser.junit.quickcheck.runner.PropertyVerifier.reportErrorWithArguments(PropertyVerifier.java:113)
	at com.pholser.junit.quickcheck.runner.PropertyVerifier.access$300(PropertyVerifier.java:40)
	at com.pholser.junit.quickcheck.runner.PropertyVerifier$1.evaluate(PropertyVerifier.java:90)
	at com.pholser.junit.quickcheck.runner.PropertyVerifier.verify(PropertyVerifier.java:69)
	at com.pholser.junit.quickcheck.runner.PropertyStatement.evaluate(PropertyStatement.java:112)
	at org.junit.runners.ParentRunner.runLeaf(ParentRunner.java:325)
	at org.junit.runners.BlockJUnit4ClassRunner.runChild(BlockJUnit4ClassRunner.java:78)
	at org.junit.runners.BlockJUnit4ClassRunner.runChild(BlockJUnit4ClassRunner.java:57)
	at org.junit.runners.ParentRunner$3.run(ParentRunner.java:290)
	at org.junit.runners.ParentRunner$1.schedule(ParentRunner.java:71)
	at org.junit.runners.ParentRunner.runChildren(ParentRunner.java:288)
	at org.junit.runners.ParentRunner.access$000(ParentRunner.java:58)
	at org.junit.runners.ParentRunner$2.evaluate(ParentRunner.java:268)
	at org.junit.internal.runners.statements.RunAfters.evaluate(RunAfters.java:27)
	at org.junit.runners.ParentRunner.run(ParentRunner.java:363)
	at org.apache.maven.surefire.junit4.JUnit4TestSet.execute(JUnit4TestSet.java:53)
	at org.apache.maven.surefire.junit4.JUnit4Provider.executeTestSet(JUnit4Provider.java:123)
	at org.apache.maven.surefire.junit4.JUnit4Provider.invoke(JUnit4Provider.java:104)
	at sun.reflect.NativeMethodAccessorImpl.invoke0(Native Method)
	at sun.reflect.NativeMethodAccessorImpl.invoke(NativeMethodAccessorImpl.java:62)
	at sun.reflect.DelegatingMethodAccessorImpl.invoke(DelegatingMethodAccessorImpl.java:43)
	at java.lang.reflect.Method.invoke(Method.java:483)
	at org.apache.maven.surefire.util.ReflectionUtils.invokeMethodWithArray(ReflectionUtils.java:164)
	at org.apache.maven.surefire.booter.ProviderFactory$ProviderProxy.invoke(ProviderFactory.java:110)
	at org.apache.maven.surefire.booter.SurefireStarter.invokeProvider(SurefireStarter.java:175)
	at org.apache.maven.surefire.booter.SurefireStarter.runSuitesInProcessWhenForked(SurefireStarter.java:107)
	at org.apache.maven.surefire.booter.ForkedBooter.main(ForkedBooter.java:68)
Caused by: com.google.gson.JsonSyntaxException: com.google.gson.stream.MalformedJsonException: Unterminated array at line 1 column 83 path $.texts[2]
	at com.google.gson.Gson.fromJson(Gson.java:937)
	at com.google.gson.Gson.fromJson(Gson.java:887)
	at com.google.gson.Gson.fromJson(Gson.java:836)
	at com.google.gson.Gson.fromJson(Gson.java:808)
	at gson.GSONTest.nullFieldsInJson(GSONTest.java:178)
	at sun.reflect.NativeMethodAccessorImpl.invoke0(Native Method)
	at sun.reflect.NativeMethodAccessorImpl.invoke(NativeMethodAccessorImpl.java:62)
	at sun.reflect.DelegatingMethodAccessorImpl.invoke(DelegatingMethodAccessorImpl.java:43)
	at java.lang.reflect.Method.invoke(Method.java:483)
	at org.junit.runners.model.FrameworkMethod$1.runReflectiveCall(FrameworkMethod.java:50)
	at org.junit.internal.runners.model.ReflectiveCallable.run(ReflectiveCallable.java:12)
	at org.junit.runners.model.FrameworkMethod.invokeExplosively(FrameworkMethod.java:47)
	at com.pholser.junit.quickcheck.runner.PropertyVerifier$2.evaluate(PropertyVerifier.java:106)
	at com.pholser.junit.quickcheck.runner.PropertyVerifier$1.evaluate(PropertyVerifier.java:77)
	... 24 more
Caused by: com.google.gson.stream.MalformedJsonException: Unterminated array at line 1 column 83 path $.texts[2]
	at com.google.gson.stream.JsonReader.syntaxError(JsonReader.java:1568)
	at com.google.gson.stream.JsonReader.doPeek(JsonReader.java:476)
	at com.google.gson.stream.JsonReader.hasNext(JsonReader.java:414)
	at com.google.gson.internal.bind.ArrayTypeAdapter.read(ArrayTypeAdapter.java:71)
	at com.google.gson.internal.bind.ReflectiveTypeAdapterFactory$1.read(ReflectiveTypeAdapterFactory.java:131)
	at com.google.gson.internal.bind.ReflectiveTypeAdapterFactory$Adapter.read(ReflectiveTypeAdapterFactory.java:222)
	at com.google.gson.Gson.fromJson(Gson.java:922)
	... 37 more
