<?xml version="1.0" encoding="UTF-8" ?>
<testsuite tests="10" failures="0" name="gson.GSONTest" time="3.253" errors="0" skipped="0">
  <properties>
[...]
</properties>
  <testcase classname="gson.GSONTest" name="testJsonToPrimitiveInt" time="0.121"/>
  <testcase classname="gson.GSONTest" name="testJsonToObject" time="0.091"/>
  <testcase classname="gson.GSONTest" name="testTestObjectGenerator" time="0.053"/>
  <testcase classname="gson.GSONTest" name="testPrimitiveIntToJSON" time="0.031"/>
  <testcase classname="gson.GSONTest" name="testJsonToPrimitiveDouble" time="0.011"/>
  <testcase classname="gson.GSONTest" name="testJsonToPrimitiveString" time="0.025"/>
  <testcase classname="gson.GSONTest" name="testJsonToObjectToJson" time="0.06"/>
  <testcase classname="gson.GSONTest" name="testObjectToJson" time="0.049"/>
  <testcase classname="gson.GSONTest" name="testPrimitiveStringToJSON" time="0.013"/>
  <testcase classname="gson.GSONTest" name="testPrimitiveDoubleToJSON" time="0.015"/>
</testsuite>