<?xml version="1.0" encoding="UTF-8" ?>
<testsuite tests="1" failures="1" name="gson.GSONTest" time="3.281" errors="0" skipped="0">
  <properties>
[...]
</properties>
  <testcase classname="gson.GSONTest" name="testRandomJsonGenerator" time="0.517">
    <failure message="Property named &apos;testRandomJsonGenerator&apos; failed (expected:&lt;...&quot;\u00C8\u00DD\u00CC\[u001C]\&quot;,\&quot;mWznqhmNSsZKAHS...&gt; but was:&lt;...&quot;\u00C8\u00DD\u00CC\[\u001c]\&quot;,\&quot;mWznqhmNSsZKAHS...&gt;):
With arguments: [dk.sdu.mmmi.fppt.generated.mqPLzBWBjRLJxarQw|{&quot;LZdkbdWsHRMpQgvwKCxvsYBFiNZhwwALFpgpnZZEUzrxH&quot;:false,&quot;zlgWbemimriQpKaSXIdZVvDLvHxNOajdJMI&quot;:-1867934312,&quot;wKCFMTdiClxuRojmJqriDIULAv&quot;:false,&quot;qOdrTMlAzQaqpnTAqWeY&quot;:0.9505821093966108,&quot;vpxGsgqCmmifnPLogH&quot;:0.7055169659368706,&quot;aeOtUURrACUdmtfLaFtKX&quot;:&quot;ÈÝÌ&amp;#28;&quot;,&quot;mWznqhmNSsZKAHSAswXUGAdnpghQnPVwclsKypUb&quot;:0.6052401,&quot;rNCgnashDBLfFHexhZQrCRINFDAoKaqJw&quot;:0.2636991875270379,&quot;FgvJaVEUxLzv&quot;:0.9987429997318925,&quot;obxiaGJJAEseMMHuMUZjEPEcRFpWzhydxOQRYrPbhZd&quot;:-961612947}]
Seeds for reproduction: [3690311633869443899]" type="java.lang.AssertionError">java.lang.AssertionError: Property named &apos;testRandomJsonGenerator&apos; failed (expected:&lt;...&quot;\u00C8\u00DD\u00CC\[u001C]\&quot;,\&quot;mWznqhmNSsZKAHS...&gt; but was:&lt;...&quot;\u00C8\u00DD\u00CC\[\u001c]\&quot;,\&quot;mWznqhmNSsZKAHS...&gt;):
With arguments: [dk.sdu.mmmi.fppt.generated.mqPLzBWBjRLJxarQw|{&quot;LZdkbdWsHRMpQgvwKCxvsYBFiNZhwwALFpgpnZZEUzrxH&quot;:false,&quot;zlgWbemimriQpKaSXIdZVvDLvHxNOajdJMI&quot;:-1867934312,&quot;wKCFMTdiClxuRojmJqriDIULAv&quot;:false,&quot;qOdrTMlAzQaqpnTAqWeY&quot;:0.9505821093966108,&quot;vpxGsgqCmmifnPLogH&quot;:0.7055169659368706,&quot;aeOtUURrACUdmtfLaFtKX&quot;:&quot;ÈÝÌ&amp;#28;&quot;,&quot;mWznqhmNSsZKAHSAswXUGAdnpghQnPVwclsKypUb&quot;:0.6052401,&quot;rNCgnashDBLfFHexhZQrCRINFDAoKaqJw&quot;:0.2636991875270379,&quot;FgvJaVEUxLzv&quot;:0.9987429997318925,&quot;obxiaGJJAEseMMHuMUZjEPEcRFpWzhydxOQRYrPbhZd&quot;:-961612947}]
Seeds for reproduction: [3690311633869443899]
	at com.pholser.junit.quickcheck.runner.PropertyFalsified.counterexampleFound(PropertyFalsified.java:46)
	at com.pholser.junit.quickcheck.runner.ShrinkNode.fail(ShrinkNode.java:115)
	at com.pholser.junit.quickcheck.runner.Shrinker.shrink(Shrinker.java:90)
	at com.pholser.junit.quickcheck.runner.PropertyStatement.shrink(PropertyStatement.java:175)
	at com.pholser.junit.quickcheck.runner.PropertyStatement.lambda$property$52(PropertyStatement.java:152)
	at com.pholser.junit.quickcheck.runner.PropertyStatement$$Lambda$48/26800903.accept(Unknown Source)
	at com.pholser.junit.quickcheck.runner.PropertyVerifier$1.evaluate(PropertyVerifier.java:88)
	at com.pholser.junit.quickcheck.runner.PropertyVerifier.verify(PropertyVerifier.java:69)
	at com.pholser.junit.quickcheck.runner.PropertyStatement.evaluate(PropertyStatement.java:112)
	at org.junit.runners.ParentRunner.runLeaf(ParentRunner.java:325)
	at org.junit.runners.BlockJUnit4ClassRunner.runChild(BlockJUnit4ClassRunner.java:78)
	at org.junit.runners.BlockJUnit4ClassRunner.runChild(BlockJUnit4ClassRunner.java:57)
	at org.junit.runners.ParentRunner$3.run(ParentRunner.java:290)
	at org.junit.runners.ParentRunner$1.schedule(ParentRunner.java:71)
	at org.junit.runners.ParentRunner.runChildren(ParentRunner.java:288)
	at org.junit.runners.ParentRunner.access$000(ParentRunner.java:58)
	at org.junit.runners.ParentRunner$2.evaluate(ParentRunner.java:268)
	at org.junit.runners.ParentRunner.run(ParentRunner.java:363)
	at org.apache.maven.surefire.junit4.JUnit4TestSet.execute(JUnit4TestSet.java:53)
	at org.apache.maven.surefire.junit4.JUnit4Provider.executeTestSet(JUnit4Provider.java:123)
	at org.apache.maven.surefire.junit4.JUnit4Provider.invoke(JUnit4Provider.java:104)
	at sun.reflect.NativeMethodAccessorImpl.invoke0(Native Method)
	at sun.reflect.NativeMethodAccessorImpl.invoke(NativeMethodAccessorImpl.java:62)
	at sun.reflect.DelegatingMethodAccessorImpl.invoke(DelegatingMethodAccessorImpl.java:43)
	at java.lang.reflect.Method.invoke(Method.java:483)
	at org.apache.maven.surefire.util.ReflectionUtils.invokeMethodWithArray(ReflectionUtils.java:164)
	at org.apache.maven.surefire.booter.ProviderFactory$ProviderProxy.invoke(ProviderFactory.java:110)
	at org.apache.maven.surefire.booter.SurefireStarter.invokeProvider(SurefireStarter.java:175)
	at org.apache.maven.surefire.booter.SurefireStarter.runSuitesInProcessWhenForked(SurefireStarter.java:107)
	at org.apache.maven.surefire.booter.ForkedBooter.main(ForkedBooter.java:68)
Caused by: org.junit.ComparisonFailure: expected:&lt;...&quot;\u00C8\u00DD\u00CC\[u001C]\&quot;,\&quot;mWznqhmNSsZKAHS...&gt; but was:&lt;...&quot;\u00C8\u00DD\u00CC\[\u001c]\&quot;,\&quot;mWznqhmNSsZKAHS...&gt;
	at org.junit.Assert.assertEquals(Assert.java:115)
	at org.junit.Assert.assertEquals(Assert.java:144)
	at gson.GSONTest.testRandomJsonGenerator(GSONTest.java:172)
	at sun.reflect.NativeMethodAccessorImpl.invoke0(Native Method)
	at sun.reflect.NativeMethodAccessorImpl.invoke(NativeMethodAccessorImpl.java:62)
	at sun.reflect.DelegatingMethodAccessorImpl.invoke(DelegatingMethodAccessorImpl.java:43)
	at java.lang.reflect.Method.invoke(Method.java:483)
	at org.junit.runners.model.FrameworkMethod$1.runReflectiveCall(FrameworkMethod.java:50)
	at org.junit.internal.runners.model.ReflectiveCallable.run(ReflectiveCallable.java:12)
	at org.junit.runners.model.FrameworkMethod.invokeExplosively(FrameworkMethod.java:47)
	at com.pholser.junit.quickcheck.runner.PropertyVerifier$2.evaluate(PropertyVerifier.java:106)
	at com.pholser.junit.quickcheck.runner.PropertyVerifier$1.evaluate(PropertyVerifier.java:77)
	... 23 more
</failure>
    <system-out>package dk.sdu.mmmi.fppt.generated;
public class cgALuzNNyxdHtgEH {
private String PUbbEDNenuntxMArsyKfWcELrYpyJBXMSLhSWuqs;
private int gfPffHyXGpyI;
private int VgvnXQGQwoZVJvSmJBeXiwKPeAoLDlNTRsXjTwvvDOdhdjCG;
private String CcmizwLzJcPvvyGmgH;
private boolean BLpUDawBcuUKf;
private float esYhLcdWkrLBloxEXbQAFRXIzl;
private String TaAutlsDFOMFCalQGHx;
private float BHUxbflNGQNYYbsZOPLUiMniPxgjeAHekwFhhAdTff;
private String oaViMyPkmLk;
private boolean VYYTNckKMadiPToYbNtYajyKMgelvXH;
@Override
public String toString() {
return &quot;PUbbEDNenuntxMArsyKfWcELrYpyJBXMSLhSWuqs:&quot;+PUbbEDNenuntxMArsyKfWcELrYpyJBXMSLhSWuqs+&quot;\n&quot;+&quot;gfPffHyXGpyI:&quot;+gfPffHyXGpyI+&quot;\n&quot;+&quot;VgvnXQGQwoZVJvSmJBeXiwKPeAoLDlNTRsXjTwvvDOdhdjCG:&quot;+VgvnXQGQwoZVJvSmJBeXiwKPeAoLDlNTRsXjTwvvDOdhdjCG+&quot;\n&quot;+&quot;CcmizwLzJcPvvyGmgH:&quot;+CcmizwLzJcPvvyGmgH+&quot;\n&quot;+&quot;BLpUDawBcuUKf:&quot;+BLpUDawBcuUKf+&quot;\n&quot;+&quot;esYhLcdWkrLBloxEXbQAFRXIzl:&quot;+esYhLcdWkrLBloxEXbQAFRXIzl+&quot;\n&quot;+&quot;TaAutlsDFOMFCalQGHx:&quot;+TaAutlsDFOMFCalQGHx+&quot;\n&quot;+&quot;BHUxbflNGQNYYbsZOPLUiMniPxgjeAHekwFhhAdTff:&quot;+BHUxbflNGQNYYbsZOPLUiMniPxgjeAHekwFhhAdTff+&quot;\n&quot;+&quot;oaViMyPkmLk:&quot;+oaViMyPkmLk+&quot;\n&quot;+&quot;VYYTNckKMadiPToYbNtYajyKMgelvXH:&quot;+VYYTNckKMadiPToYbNtYajyKMgelvXH+&quot;\n&quot;;
}
}

package dk.sdu.mmmi.fppt.generated;
public class cgALuzNNyxdHtgEH {
private String PUbbEDNenuntxMArsyKfWcELrYpyJBXMSLhSWuqs;
private int gfPffHyXGpyI;
private int VgvnXQGQwoZVJvSmJBeXiwKPeAoLDlNTRsXjTwvvDOdhdjCG;
private String CcmizwLzJcPvvyGmgH;
private boolean BLpUDawBcuUKf;
private float esYhLcdWkrLBloxEXbQAFRXIzl;
private String TaAutlsDFOMFCalQGHx;
private float BHUxbflNGQNYYbsZOPLUiMniPxgjeAHekwFhhAdTff;
private String oaViMyPkmLk;
private boolean VYYTNckKMadiPToYbNtYajyKMgelvXH;
@Override
public String toString() {
return &quot;PUbbEDNenuntxMArsyKfWcELrYpyJBXMSLhSWuqs:&quot;+PUbbEDNenuntxMArsyKfWcELrYpyJBXMSLhSWuqs+&quot;\n&quot;+&quot;gfPffHyXGpyI:&quot;+gfPffHyXGpyI+&quot;\n&quot;+&quot;VgvnXQGQwoZVJvSmJBeXiwKPeAoLDlNTRsXjTwvvDOdhdjCG:&quot;+VgvnXQGQwoZVJvSmJBeXiwKPeAoLDlNTRsXjTwvvDOdhdjCG+&quot;\n&quot;+&quot;CcmizwLzJcPvvyGmgH:&quot;+CcmizwLzJcPvvyGmgH+&quot;\n&quot;+&quot;BLpUDawBcuUKf:&quot;+BLpUDawBcuUKf+&quot;\n&quot;+&quot;esYhLcdWkrLBloxEXbQAFRXIzl:&quot;+esYhLcdWkrLBloxEXbQAFRXIzl+&quot;\n&quot;+&quot;TaAutlsDFOMFCalQGHx:&quot;+TaAutlsDFOMFCalQGHx+&quot;\n&quot;+&quot;BHUxbflNGQNYYbsZOPLUiMniPxgjeAHekwFhhAdTff:&quot;+BHUxbflNGQNYYbsZOPLUiMniPxgjeAHekwFhhAdTff+&quot;\n&quot;+&quot;oaViMyPkmLk:&quot;+oaViMyPkmLk+&quot;\n&quot;+&quot;VYYTNckKMadiPToYbNtYajyKMgelvXH:&quot;+VYYTNckKMadiPToYbNtYajyKMgelvXH+&quot;\n&quot;;
}
}

03:45:12.628 [main] DEBUG junit-quickcheck.value-reporting - Verifying property testRandomJsonGenerator from gson.GSONTest with these values:
03:45:12.630 [main] DEBUG junit-quickcheck.value-reporting - [gson.GSONTest.testRandomJsonGenerator:arg0 = [dk.sdu.mmmi.fppt.generated.cgALuzNNyxdHtgEH|{&quot;PUbbEDNenuntxMArsyKfWcELrYpyJBXMSLhSWuqs&quot;:&quot;&quot;,&quot;gfPffHyXGpyI&quot;:1685257894,&quot;VgvnXQGQwoZVJvSmJBeXiwKPeAoLDlNTRsXjTwvvDOdhdjCG&quot;:-1977177507,&quot;CcmizwLzJcPvvyGmgH&quot;:&quot;&quot;,&quot;BLpUDawBcuUKf&quot;:false,&quot;esYhLcdWkrLBloxEXbQAFRXIzl&quot;:0.57607687,&quot;TaAutlsDFOMFCalQGHx&quot;:&quot;&quot;,&quot;BHUxbflNGQNYYbsZOPLUiMniPxgjeAHekwFhhAdTff&quot;:0.9801497,&quot;oaViMyPkmLk&quot;:&quot;&quot;,&quot;VYYTNckKMadiPToYbNtYajyKMgelvXH&quot;:true}], seed = 3690311633869443899]
package dk.sdu.mmmi.fppt.generated;
public class FESZSPUwJIPfblrLCpsKIRyFUKaZ {
private double erCKRdbAAAQyoQuuMWOEUzallDdMqICCQhMQOHIPILHgsh;
private int wlDzmSCxaTrxxgKJvSriAcvIaHnnRNroapaWMjgxfKFqYghdKP;
private boolean pwKpnxSKvdCtqVsEwaSJqCMiLGsTABZFxcmvCAlo;
private String ivsfmrjgUhrbiqlZxHih;
private String IiyUejXDWNqwqNnBWARKntCFclC;
@Override
public String toString() {
return &quot;erCKRdbAAAQyoQuuMWOEUzallDdMqICCQhMQOHIPILHgsh:&quot;+erCKRdbAAAQyoQuuMWOEUzallDdMqICCQhMQOHIPILHgsh+&quot;\n&quot;+&quot;wlDzmSCxaTrxxgKJvSriAcvIaHnnRNroapaWMjgxfKFqYghdKP:&quot;+wlDzmSCxaTrxxgKJvSriAcvIaHnnRNroapaWMjgxfKFqYghdKP+&quot;\n&quot;+&quot;pwKpnxSKvdCtqVsEwaSJqCMiLGsTABZFxcmvCAlo:&quot;+pwKpnxSKvdCtqVsEwaSJqCMiLGsTABZFxcmvCAlo+&quot;\n&quot;+&quot;ivsfmrjgUhrbiqlZxHih:&quot;+ivsfmrjgUhrbiqlZxHih+&quot;\n&quot;+&quot;IiyUejXDWNqwqNnBWARKntCFclC:&quot;+IiyUejXDWNqwqNnBWARKntCFclC+&quot;\n&quot;;
}
}

package dk.sdu.mmmi.fppt.generated;
public class FESZSPUwJIPfblrLCpsKIRyFUKaZ {
private double erCKRdbAAAQyoQuuMWOEUzallDdMqICCQhMQOHIPILHgsh;
private int wlDzmSCxaTrxxgKJvSriAcvIaHnnRNroapaWMjgxfKFqYghdKP;
private boolean pwKpnxSKvdCtqVsEwaSJqCMiLGsTABZFxcmvCAlo;
private String ivsfmrjgUhrbiqlZxHih;
private String IiyUejXDWNqwqNnBWARKntCFclC;
@Override
public String toString() {
return &quot;erCKRdbAAAQyoQuuMWOEUzallDdMqICCQhMQOHIPILHgsh:&quot;+erCKRdbAAAQyoQuuMWOEUzallDdMqICCQhMQOHIPILHgsh+&quot;\n&quot;+&quot;wlDzmSCxaTrxxgKJvSriAcvIaHnnRNroapaWMjgxfKFqYghdKP:&quot;+wlDzmSCxaTrxxgKJvSriAcvIaHnnRNroapaWMjgxfKFqYghdKP+&quot;\n&quot;+&quot;pwKpnxSKvdCtqVsEwaSJqCMiLGsTABZFxcmvCAlo:&quot;+pwKpnxSKvdCtqVsEwaSJqCMiLGsTABZFxcmvCAlo+&quot;\n&quot;+&quot;ivsfmrjgUhrbiqlZxHih:&quot;+ivsfmrjgUhrbiqlZxHih+&quot;\n&quot;+&quot;IiyUejXDWNqwqNnBWARKntCFclC:&quot;+IiyUejXDWNqwqNnBWARKntCFclC+&quot;\n&quot;;
}
}

03:45:12.714 [main] DEBUG junit-quickcheck.value-reporting - Verifying property testRandomJsonGenerator from gson.GSONTest with these values:
03:45:12.715 [main] DEBUG junit-quickcheck.value-reporting - [gson.GSONTest.testRandomJsonGenerator:arg0 = [dk.sdu.mmmi.fppt.generated.FESZSPUwJIPfblrLCpsKIRyFUKaZ|{&quot;erCKRdbAAAQyoQuuMWOEUzallDdMqICCQhMQOHIPILHgsh&quot;:0.689488829678055,&quot;wlDzmSCxaTrxxgKJvSriAcvIaHnnRNroapaWMjgxfKFqYghdKP&quot;:-2124160521,&quot;pwKpnxSKvdCtqVsEwaSJqCMiLGsTABZFxcmvCAlo&quot;:false,&quot;ivsfmrjgUhrbiqlZxHih&quot;:&quot;???&quot;,&quot;IiyUejXDWNqwqNnBWARKntCFclC&quot;:&quot;¦&quot;}], seed = 3690311633869443899]
package dk.sdu.mmmi.fppt.generated;
public class mqPLzBWBjRLJxarQw {
private boolean LZdkbdWsHRMpQgvwKCxvsYBFiNZhwwALFpgpnZZEUzrxH;
private int zlgWbemimriQpKaSXIdZVvDLvHxNOajdJMI;
private boolean wKCFMTdiClxuRojmJqriDIULAv;
private double qOdrTMlAzQaqpnTAqWeY;
private double vpxGsgqCmmifnPLogH;
private String aeOtUURrACUdmtfLaFtKX;
private float mWznqhmNSsZKAHSAswXUGAdnpghQnPVwclsKypUb;
private double rNCgnashDBLfFHexhZQrCRINFDAoKaqJw;
private double FgvJaVEUxLzv;
private int obxiaGJJAEseMMHuMUZjEPEcRFpWzhydxOQRYrPbhZd;
@Override
public String toString() {
return &quot;LZdkbdWsHRMpQgvwKCxvsYBFiNZhwwALFpgpnZZEUzrxH:&quot;+LZdkbdWsHRMpQgvwKCxvsYBFiNZhwwALFpgpnZZEUzrxH+&quot;\n&quot;+&quot;zlgWbemimriQpKaSXIdZVvDLvHxNOajdJMI:&quot;+zlgWbemimriQpKaSXIdZVvDLvHxNOajdJMI+&quot;\n&quot;+&quot;wKCFMTdiClxuRojmJqriDIULAv:&quot;+wKCFMTdiClxuRojmJqriDIULAv+&quot;\n&quot;+&quot;qOdrTMlAzQaqpnTAqWeY:&quot;+qOdrTMlAzQaqpnTAqWeY+&quot;\n&quot;+&quot;vpxGsgqCmmifnPLogH:&quot;+vpxGsgqCmmifnPLogH+&quot;\n&quot;+&quot;aeOtUURrACUdmtfLaFtKX:&quot;+aeOtUURrACUdmtfLaFtKX+&quot;\n&quot;+&quot;mWznqhmNSsZKAHSAswXUGAdnpghQnPVwclsKypUb:&quot;+mWznqhmNSsZKAHSAswXUGAdnpghQnPVwclsKypUb+&quot;\n&quot;+&quot;rNCgnashDBLfFHexhZQrCRINFDAoKaqJw:&quot;+rNCgnashDBLfFHexhZQrCRINFDAoKaqJw+&quot;\n&quot;+&quot;FgvJaVEUxLzv:&quot;+FgvJaVEUxLzv+&quot;\n&quot;+&quot;obxiaGJJAEseMMHuMUZjEPEcRFpWzhydxOQRYrPbhZd:&quot;+obxiaGJJAEseMMHuMUZjEPEcRFpWzhydxOQRYrPbhZd+&quot;\n&quot;;
}
}

package dk.sdu.mmmi.fppt.generated;
public class mqPLzBWBjRLJxarQw {
private boolean LZdkbdWsHRMpQgvwKCxvsYBFiNZhwwALFpgpnZZEUzrxH;
private int zlgWbemimriQpKaSXIdZVvDLvHxNOajdJMI;
private boolean wKCFMTdiClxuRojmJqriDIULAv;
private double qOdrTMlAzQaqpnTAqWeY;
private double vpxGsgqCmmifnPLogH;
private String aeOtUURrACUdmtfLaFtKX;
private float mWznqhmNSsZKAHSAswXUGAdnpghQnPVwclsKypUb;
private double rNCgnashDBLfFHexhZQrCRINFDAoKaqJw;
private double FgvJaVEUxLzv;
private int obxiaGJJAEseMMHuMUZjEPEcRFpWzhydxOQRYrPbhZd;
@Override
public String toString() {
return &quot;LZdkbdWsHRMpQgvwKCxvsYBFiNZhwwALFpgpnZZEUzrxH:&quot;+LZdkbdWsHRMpQgvwKCxvsYBFiNZhwwALFpgpnZZEUzrxH+&quot;\n&quot;+&quot;zlgWbemimriQpKaSXIdZVvDLvHxNOajdJMI:&quot;+zlgWbemimriQpKaSXIdZVvDLvHxNOajdJMI+&quot;\n&quot;+&quot;wKCFMTdiClxuRojmJqriDIULAv:&quot;+wKCFMTdiClxuRojmJqriDIULAv+&quot;\n&quot;+&quot;qOdrTMlAzQaqpnTAqWeY:&quot;+qOdrTMlAzQaqpnTAqWeY+&quot;\n&quot;+&quot;vpxGsgqCmmifnPLogH:&quot;+vpxGsgqCmmifnPLogH+&quot;\n&quot;+&quot;aeOtUURrACUdmtfLaFtKX:&quot;+aeOtUURrACUdmtfLaFtKX+&quot;\n&quot;+&quot;mWznqhmNSsZKAHSAswXUGAdnpghQnPVwclsKypUb:&quot;+mWznqhmNSsZKAHSAswXUGAdnpghQnPVwclsKypUb+&quot;\n&quot;+&quot;rNCgnashDBLfFHexhZQrCRINFDAoKaqJw:&quot;+rNCgnashDBLfFHexhZQrCRINFDAoKaqJw+&quot;\n&quot;+&quot;FgvJaVEUxLzv:&quot;+FgvJaVEUxLzv+&quot;\n&quot;+&quot;obxiaGJJAEseMMHuMUZjEPEcRFpWzhydxOQRYrPbhZd:&quot;+obxiaGJJAEseMMHuMUZjEPEcRFpWzhydxOQRYrPbhZd+&quot;\n&quot;;
}
}

03:45:12.760 [main] DEBUG junit-quickcheck.value-reporting - Verifying property testRandomJsonGenerator from gson.GSONTest with these values:
03:45:12.760 [main] DEBUG junit-quickcheck.value-reporting - [gson.GSONTest.testRandomJsonGenerator:arg0 = [dk.sdu.mmmi.fppt.generated.mqPLzBWBjRLJxarQw|{&quot;LZdkbdWsHRMpQgvwKCxvsYBFiNZhwwALFpgpnZZEUzrxH&quot;:false,&quot;zlgWbemimriQpKaSXIdZVvDLvHxNOajdJMI&quot;:-1867934312,&quot;wKCFMTdiClxuRojmJqriDIULAv&quot;:false,&quot;qOdrTMlAzQaqpnTAqWeY&quot;:0.9505821093966108,&quot;vpxGsgqCmmifnPLogH&quot;:0.7055169659368706,&quot;aeOtUURrACUdmtfLaFtKX&quot;:&quot;ÈÝÌ&amp;#28;&quot;,&quot;mWznqhmNSsZKAHSAswXUGAdnpghQnPVwclsKypUb&quot;:0.6052401,&quot;rNCgnashDBLfFHexhZQrCRINFDAoKaqJw&quot;:0.2636991875270379,&quot;FgvJaVEUxLzv&quot;:0.9987429997318925,&quot;obxiaGJJAEseMMHuMUZjEPEcRFpWzhydxOQRYrPbhZd&quot;:-961612947}], seed = 3690311633869443899]
</system-out>
  </testcase>
</testsuite>