<?xml version="1.0" encoding="UTF-8" ?>
<testsuite tests="11" failures="2" name="gson.GSONTest" time="3.213" errors="0" skipped="0">
  <properties>
    <property name="java.runtime.name" value="Java(TM) SE Runtime Environment"/>
    <property name="sun.boot.library.path" value="C:\Program Files (x86)\Java\jdk1.8.0_11\jre\bin"/>
    <property name="java.vm.version" value="25.11-b03"/>
    <property name="user.country.format" value="DK"/>
    <property name="java.vm.vendor" value="Oracle Corporation"/>
    <property name="java.vendor.url" value="http://java.oracle.com/"/>
    <property name="path.separator" value=";"/>
    <property name="guice.disable.misplaced.annotation.check" value="true"/>
    <property name="java.vm.name" value="Java HotSpot(TM) Client VM"/>
    <property name="file.encoding.pkg" value="sun.io"/>
    <property name="user.script" value=""/>
    <property name="user.country" value="US"/>
    <property name="sun.java.launcher" value="SUN_STANDARD"/>
    <property name="sun.os.patch.level" value=""/>
    <property name="test" value="gson.GSONTest"/>
    <property name="java.vm.specification.name" value="Java Virtual Machine Specification"/>
    <property name="user.dir" value="C:\Users\Bogs\Documents\NetBeansProjects\GSONQuickCheck"/>
    <property name="java.runtime.version" value="1.8.0_11-b12"/>
    <property name="java.awt.graphicsenv" value="sun.awt.Win32GraphicsEnvironment"/>
    <property name="java.endorsed.dirs" value="C:\Program Files (x86)\Java\jdk1.8.0_11\jre\lib\endorsed"/>
    <property name="os.arch" value="x86"/>
    <property name="java.io.tmpdir" value="C:\Users\Bogs\AppData\Local\Temp\"/>
    <property name="line.separator" value="
"/>
    <property name="java.vm.specification.vendor" value="Oracle Corporation"/>
    <property name="user.variant" value=""/>
    <property name="os.name" value="Windows 8.1"/>
    <property name="maven.ext.class.path" value="C:\Program Files\NetBeans 8.1\java\maven-nblib\netbeans-eventspy.jar"/>
    <property name="classworlds.conf" value="C:\Program Files\NetBeans 8.1\java\maven\bin\m2.conf"/>
    <property name="sun.jnu.encoding" value="Cp1252"/>
    <property name="java.library.path" value="C:\Program Files (x86)\Java\jdk1.8.0_11\bin;C:\WINDOWS\Sun\Java\bin;C:\WINDOWS\system32;C:\WINDOWS;C:\Program Files (x86)\Common Files\Oracle\Java\javapath;C:\Program Files (x86)\Razer Chroma SDK\bin;C:\Program Files\Razer Chroma SDK\bin;c:\program files (x86)\razer chroma sdk\bin;c:\program files\razer chroma sdk\bin;c:\programdata\oracle\java\javapath;c:\windows\system32;c:\windows;c:\windows\system32\wbem;c:\windows\system32\windowspowershell\v1.0\;c:\users\bogs\.dnx\bin;c:\program files\microsoft dnx\dnvm\;c:\program files\microsoft sql server\120\tools\binn\;c:\program files\microsoft sql server\120\dts\binn\;c:\program files\microsoft sql server\client sdk\odbc\110\tools\binn\;c:\program files (x86)\microsoft sql server\120\tools\binn\;c:\program files (x86)\microsoft sql server\120\tools\binn\managementstudio\;c:\program files (x86)\microsoft sql server\120\dts\binn\;c:\program files (x86)\java\jre7;c:\users\bogs\appdata\local\programs\python\python35-32\scripts\;c:\users\bogs\appdata\local\microsoft\windowsapps;C:\Go\bin;C:\Program Files\Git\cmd;C:\Program Files (x86)\Skype\Phone\;C:\Program Files (x86)\Java\jre7;C:\Users\Bogs\AppData\Local\Programs\Python\Python35-32\Scripts\;C:\Users\Bogs\AppData\Local\Microsoft\WindowsApps;C:\Program Files (x86)\Microsoft VS Code\bin;C:\Program Files (x86)\Calibre2\;C:\WINDOWS\system32;C:\WINDOWS;C:\WINDOWS\System32\Wbem;C:\WINDOWS\System32\WindowsPowerShell\v1.0\;C:\Program Files (x86)\NVIDIA Corporation\PhysX\Common;C:\Program Files (x86)\GitExtensions\;C:\Program Files (x86)\Java\jre1.8.0_25;C:\Users\Bogs\AppData\Local\Programs\Python\Python35-32\Scripts\;C:\Users\Bogs\AppData\Local\Microsoft\WindowsApps;C:\Program Files (x86)\Microsoft VS Code\bin;;."/>
    <property name="java.specification.name" value="Java Platform API Specification"/>
    <property name="java.class.version" value="52.0"/>
    <property name="sun.management.compiler" value="HotSpot Client Compiler"/>
    <property name="os.version" value="6.3"/>
    <property name="user.home" value="C:\Users\Bogs"/>
    <property name="user.timezone" value="Europe/Paris"/>
    <property name="java.awt.printerjob" value="sun.awt.windows.WPrinterJob"/>
    <property name="java.specification.version" value="1.8"/>
    <property name="file.encoding" value="UTF-8"/>
    <property name="user.name" value="Bogs"/>
    <property name="java.class.path" value="C:\Program Files\NetBeans 8.1\java\maven\boot\plexus-classworlds-2.4.jar"/>
    <property name="java.vm.specification.version" value="1.8"/>
    <property name="sun.arch.data.model" value="32"/>
    <property name="java.home" value="C:\Program Files (x86)\Java\jdk1.8.0_11\jre"/>
    <property name="sun.java.command" value="org.codehaus.plexus.classworlds.launcher.Launcher -Dtest=gson.GSONTest -Dmaven.ext.class.path=C:\Program Files\NetBeans 8.1\java\maven-nblib\netbeans-eventspy.jar -Dfile.encoding=UTF-8 surefire:test"/>
    <property name="java.specification.vendor" value="Oracle Corporation"/>
    <property name="user.language" value="en"/>
    <property name="user.language.format" value="da"/>
    <property name="awt.toolkit" value="sun.awt.windows.WToolkit"/>
    <property name="java.vm.info" value="mixed mode"/>
    <property name="java.version" value="1.8.0_11"/>
    <property name="java.ext.dirs" value="C:\Program Files (x86)\Java\jdk1.8.0_11\jre\lib\ext;C:\WINDOWS\Sun\Java\lib\ext"/>
    <property name="sun.boot.class.path" value="C:\Program Files (x86)\Java\jdk1.8.0_11\jre\lib\resources.jar;C:\Program Files (x86)\Java\jdk1.8.0_11\jre\lib\rt.jar;C:\Program Files (x86)\Java\jdk1.8.0_11\jre\lib\sunrsasign.jar;C:\Program Files (x86)\Java\jdk1.8.0_11\jre\lib\jsse.jar;C:\Program Files (x86)\Java\jdk1.8.0_11\jre\lib\jce.jar;C:\Program Files (x86)\Java\jdk1.8.0_11\jre\lib\charsets.jar;C:\Program Files (x86)\Java\jdk1.8.0_11\jre\lib\jfr.jar;C:\Program Files (x86)\Java\jdk1.8.0_11\jre\classes"/>
    <property name="java.vendor" value="Oracle Corporation"/>
    <property name="maven.home" value="C:\Program Files\NetBeans 8.1\java\maven"/>
    <property name="file.separator" value="\"/>
    <property name="java.vendor.url.bug" value="http://bugreport.sun.com/bugreport/"/>
    <property name="sun.cpu.endian" value="little"/>
    <property name="sun.io.unicode.encoding" value="UnicodeLittle"/>
    <property name="sun.desktop" value="windows"/>
    <property name="sun.cpu.isalist" value="pentium_pro+mmx pentium_pro pentium+mmx pentium i486 i386 i86"/>
  </properties>
  <testcase classname="gson.GSONTest" name="testJsonToPrimitiveInt" time="0.133"/>
  <testcase classname="gson.GSONTest" name="testTestObjectGenerator" time="0.11"/>
  <testcase classname="gson.GSONTest" name="testJSONGenerator" time="0.012">
    <failure message="Property named &apos;testJSONGenerator&apos; failed (expected:&lt;...128302386,&quot;texts&quot;:[&quot;[\u0010\u003dn\u001eùéÀÏ&quot;,&quot;巃雿ۮ᪑繶짧濃&quot;,&quot;ªÚõm[×½ñ\u0014\u0001]Ç&quot;,&quot;츖&quot;,&quot;wÜûDÒ9L&quot;,&quot;蜭峤...&gt; but was:&lt;...128302386,&quot;texts&quot;:[&quot;[&amp;#16;=n&amp;#30;ùéÀÏ&quot;,&quot;巃雿ۮ᪑繶짧濃&quot;,&quot;ªÚõm[×½ñ&amp;#20;&amp;#1;]Ç&quot;,&quot;츖&quot;,&quot;wÜûDÒ9L&quot;,&quot;蜭峤...&gt;):
With arguments: [{&quot;text&quot;:&quot;??&quot;,&quot;number&quot;:2128302386,&quot;texts&quot;:[&quot;&amp;#16;=n&amp;#30;ùéÀÏ&quot;,&quot;巃雿ۮ᪑繶짧濃&quot;,&quot;ªÚõm[×½ñ&amp;#20;&amp;#1;Ç&quot;,&quot;츖&quot;,&quot;wÜûDÒ9L&quot;,&quot;蜭峤糸撫뾋&quot;],&quot;bool&quot;:false}]
Seeds for reproduction: [7250823659538797157]" type="java.lang.AssertionError">java.lang.AssertionError: Property named &apos;testJSONGenerator&apos; failed (expected:&lt;...128302386,&quot;texts&quot;:[&quot;[\u0010\u003dn\u001eùéÀÏ&quot;,&quot;巃雿ۮ᪑繶짧濃&quot;,&quot;ªÚõm[×½ñ\u0014\u0001]Ç&quot;,&quot;츖&quot;,&quot;wÜûDÒ9L&quot;,&quot;蜭峤...&gt; but was:&lt;...128302386,&quot;texts&quot;:[&quot;[&amp;#16;=n&amp;#30;ùéÀÏ&quot;,&quot;巃雿ۮ᪑繶짧濃&quot;,&quot;ªÚõm[×½ñ&amp;#20;&amp;#1;]Ç&quot;,&quot;츖&quot;,&quot;wÜûDÒ9L&quot;,&quot;蜭峤...&gt;):
With arguments: [{&quot;text&quot;:&quot;??&quot;,&quot;number&quot;:2128302386,&quot;texts&quot;:[&quot;&amp;#16;=n&amp;#30;ùéÀÏ&quot;,&quot;巃雿ۮ᪑繶짧濃&quot;,&quot;ªÚõm[×½ñ&amp;#20;&amp;#1;Ç&quot;,&quot;츖&quot;,&quot;wÜûDÒ9L&quot;,&quot;蜭峤糸撫뾋&quot;],&quot;bool&quot;:false}]
Seeds for reproduction: [7250823659538797157]
	at com.pholser.junit.quickcheck.runner.PropertyFalsified.counterexampleFound(PropertyFalsified.java:46)
	at com.pholser.junit.quickcheck.runner.ShrinkNode.fail(ShrinkNode.java:115)
	at com.pholser.junit.quickcheck.runner.Shrinker.shrink(Shrinker.java:90)
	at com.pholser.junit.quickcheck.runner.PropertyStatement.shrink(PropertyStatement.java:175)
	at com.pholser.junit.quickcheck.runner.PropertyStatement.lambda$property$52(PropertyStatement.java:152)
	at com.pholser.junit.quickcheck.runner.PropertyStatement$$Lambda$45/24349314.accept(Unknown Source)
	at com.pholser.junit.quickcheck.runner.PropertyVerifier$1.evaluate(PropertyVerifier.java:88)
	at com.pholser.junit.quickcheck.runner.PropertyVerifier.verify(PropertyVerifier.java:69)
	at com.pholser.junit.quickcheck.runner.PropertyStatement.evaluate(PropertyStatement.java:112)
	at org.junit.runners.ParentRunner.runLeaf(ParentRunner.java:325)
	at org.junit.runners.BlockJUnit4ClassRunner.runChild(BlockJUnit4ClassRunner.java:78)
	at org.junit.runners.BlockJUnit4ClassRunner.runChild(BlockJUnit4ClassRunner.java:57)
	at org.junit.runners.ParentRunner$3.run(ParentRunner.java:290)
	at org.junit.runners.ParentRunner$1.schedule(ParentRunner.java:71)
	at org.junit.runners.ParentRunner.runChildren(ParentRunner.java:288)
	at org.junit.runners.ParentRunner.access$000(ParentRunner.java:58)
	at org.junit.runners.ParentRunner$2.evaluate(ParentRunner.java:268)
	at org.junit.runners.ParentRunner.run(ParentRunner.java:363)
	at org.apache.maven.surefire.junit4.JUnit4TestSet.execute(JUnit4TestSet.java:53)
	at org.apache.maven.surefire.junit4.JUnit4Provider.executeTestSet(JUnit4Provider.java:123)
	at org.apache.maven.surefire.junit4.JUnit4Provider.invoke(JUnit4Provider.java:104)
	at sun.reflect.NativeMethodAccessorImpl.invoke0(Native Method)
	at sun.reflect.NativeMethodAccessorImpl.invoke(NativeMethodAccessorImpl.java:62)
	at sun.reflect.DelegatingMethodAccessorImpl.invoke(DelegatingMethodAccessorImpl.java:43)
	at java.lang.reflect.Method.invoke(Method.java:483)
	at org.apache.maven.surefire.util.ReflectionUtils.invokeMethodWithArray(ReflectionUtils.java:164)
	at org.apache.maven.surefire.booter.ProviderFactory$ProviderProxy.invoke(ProviderFactory.java:110)
	at org.apache.maven.surefire.booter.SurefireStarter.invokeProvider(SurefireStarter.java:175)
	at org.apache.maven.surefire.booter.SurefireStarter.runSuitesInProcessWhenForked(SurefireStarter.java:107)
	at org.apache.maven.surefire.booter.ForkedBooter.main(ForkedBooter.java:68)
Caused by: org.junit.ComparisonFailure: expected:&lt;...128302386,&quot;texts&quot;:[&quot;[\u0010\u003dn\u001eùéÀÏ&quot;,&quot;巃雿ۮ᪑繶짧濃&quot;,&quot;ªÚõm[×½ñ\u0014\u0001]Ç&quot;,&quot;츖&quot;,&quot;wÜûDÒ9L&quot;,&quot;蜭峤...&gt; but was:&lt;...128302386,&quot;texts&quot;:[&quot;[&amp;#16;=n&amp;#30;ùéÀÏ&quot;,&quot;巃雿ۮ᪑繶짧濃&quot;,&quot;ªÚõm[×½ñ&amp;#20;&amp;#1;]Ç&quot;,&quot;츖&quot;,&quot;wÜûDÒ9L&quot;,&quot;蜭峤...&gt;
	at org.junit.Assert.assertEquals(Assert.java:115)
	at org.junit.Assert.assertEquals(Assert.java:144)
	at gson.GSONTest.testJSONGenerator(GSONTest.java:185)
	at sun.reflect.NativeMethodAccessorImpl.invoke0(Native Method)
	at sun.reflect.NativeMethodAccessorImpl.invoke(NativeMethodAccessorImpl.java:62)
	at sun.reflect.DelegatingMethodAccessorImpl.invoke(DelegatingMethodAccessorImpl.java:43)
	at java.lang.reflect.Method.invoke(Method.java:483)
	at org.junit.runners.model.FrameworkMethod$1.runReflectiveCall(FrameworkMethod.java:50)
	at org.junit.internal.runners.model.ReflectiveCallable.run(ReflectiveCallable.java:12)
	at org.junit.runners.model.FrameworkMethod.invokeExplosively(FrameworkMethod.java:47)
	at com.pholser.junit.quickcheck.runner.PropertyVerifier$2.evaluate(PropertyVerifier.java:106)
	at com.pholser.junit.quickcheck.runner.PropertyVerifier$1.evaluate(PropertyVerifier.java:77)
	... 23 more
</failure>
    <system-out>11:52:31.468 [main] DEBUG junit-quickcheck.value-reporting - Verifying property testJSONGenerator from gson.GSONTest with these values:
11:52:31.468 [main] DEBUG junit-quickcheck.value-reporting - [gson.GSONTest.testJSONGenerator:arg0 = [{&quot;text&quot;:&quot;&quot;,&quot;number&quot;:-2000977489,&quot;texts&quot;:[],&quot;bool&quot;:true}], seed = 7250823659538797157]
11:52:31.469 [main] DEBUG junit-quickcheck.value-reporting - Verifying property testJSONGenerator from gson.GSONTest with these values:
11:52:31.469 [main] DEBUG junit-quickcheck.value-reporting - [gson.GSONTest.testJSONGenerator:arg0 = [{&quot;text&quot;:&quot;?&quot;,&quot;number&quot;:2126158795,&quot;texts&quot;:[&quot;??&quot;,&quot;?&quot;],&quot;bool&quot;:true}], seed = 7250823659538797157]
11:52:31.469 [main] DEBUG junit-quickcheck.value-reporting - Verifying property testJSONGenerator from gson.GSONTest with these values:
11:52:31.469 [main] DEBUG junit-quickcheck.value-reporting - [gson.GSONTest.testJSONGenerator:arg0 = [{&quot;text&quot;:&quot;?&quot;,&quot;number&quot;:406750370,&quot;texts&quot;:[&quot;????&quot;],&quot;bool&quot;:false}], seed = 7250823659538797157]
11:52:31.469 [main] DEBUG junit-quickcheck.value-reporting - Verifying property testJSONGenerator from gson.GSONTest with these values:
11:52:31.469 [main] DEBUG junit-quickcheck.value-reporting - [gson.GSONTest.testJSONGenerator:arg0 = [{&quot;text&quot;:&quot;??&quot;,&quot;number&quot;:2128302386,&quot;texts&quot;:[&quot;&amp;#16;=n&amp;#30;ùéÀÏ&quot;,&quot;???????&quot;,&quot;ªÚõm[×½ñ&amp;#20;&amp;#1;Ç&quot;,&quot;?&quot;,&quot;wÜûDÒ9L&quot;,&quot;?????&quot;],&quot;bool&quot;:false}], seed = 7250823659538797157]
</system-out>
  </testcase>
  <testcase classname="gson.GSONTest" name="testPrimitiveIntToJSON" time="0.017"/>
  <testcase classname="gson.GSONTest" name="testJsonToPrimitiveDouble" time="0.026"/>
  <testcase classname="gson.GSONTest" name="testJsonToPrimitiveString" time="0.021"/>
  <testcase classname="gson.GSONTest" name="testObjectToJson" time="0.059"/>
  <testcase classname="gson.GSONTest" name="testPrimitiveStringToJSON" time="0.017"/>
  <testcase classname="gson.GSONTest" name="testTestObjectIsAsExpected" time="0.004">
    <failure message="Property named &apos;testTestObjectIsAsExpected&apos; failed (expected:&lt;{&quot;text&quot;:&quot;M\[\]u0152&quot;,&quot;number&quot;:0,&quot;t...&gt; but was:&lt;{&quot;text&quot;:&quot;M\[]u0152&quot;,&quot;number&quot;:0,&quot;t...&gt;):
With arguments: [TestObject{text=&apos;M\u0152&apos;, number=0, texts=[], bool=false}]
Original failure message: expected:&lt;{&quot;text&quot;:&quot;M\[\]u0152&quot;,&quot;number&quot;:1838...&gt; but was:&lt;{&quot;text&quot;:&quot;M\[]u0152&quot;,&quot;number&quot;:1838...&gt;
First arguments found to also provoke a failure: [TestObject{text=&apos;M\u0152&apos;, number=1838285084, texts=[], bool=false}]
Seeds for reproduction: [-1693645727779863788]" type="java.lang.AssertionError">java.lang.AssertionError: Property named &apos;testTestObjectIsAsExpected&apos; failed (expected:&lt;{&quot;text&quot;:&quot;M\[\]u0152&quot;,&quot;number&quot;:0,&quot;t...&gt; but was:&lt;{&quot;text&quot;:&quot;M\[]u0152&quot;,&quot;number&quot;:0,&quot;t...&gt;):
With arguments: [TestObject{text=&apos;M\u0152&apos;, number=0, texts=[], bool=false}]
Original failure message: expected:&lt;{&quot;text&quot;:&quot;M\[\]u0152&quot;,&quot;number&quot;:1838...&gt; but was:&lt;{&quot;text&quot;:&quot;M\[]u0152&quot;,&quot;number&quot;:1838...&gt;
First arguments found to also provoke a failure: [TestObject{text=&apos;M\u0152&apos;, number=1838285084, texts=[], bool=false}]
Seeds for reproduction: [-1693645727779863788]
	at org.junit.Assert.assertEquals(Assert.java:115)
	at org.junit.Assert.assertEquals(Assert.java:144)
	at gson.GSONTest.testTestObjectIsAsExpected(GSONTest.java:159)
	at sun.reflect.NativeMethodAccessorImpl.invoke0(Native Method)
	at sun.reflect.NativeMethodAccessorImpl.invoke(NativeMethodAccessorImpl.java:62)
	at sun.reflect.DelegatingMethodAccessorImpl.invoke(DelegatingMethodAccessorImpl.java:43)
	at java.lang.reflect.Method.invoke(Method.java:483)
	at org.junit.runners.model.FrameworkMethod$1.runReflectiveCall(FrameworkMethod.java:50)
	at org.junit.internal.runners.model.ReflectiveCallable.run(ReflectiveCallable.java:12)
	at org.junit.runners.model.FrameworkMethod.invokeExplosively(FrameworkMethod.java:47)
	at com.pholser.junit.quickcheck.runner.PropertyVerifier$2.evaluate(PropertyVerifier.java:106)
	at com.pholser.junit.quickcheck.runner.PropertyVerifier$1.evaluate(PropertyVerifier.java:77)
	at com.pholser.junit.quickcheck.runner.PropertyVerifier.verify(PropertyVerifier.java:69)
	at com.pholser.junit.quickcheck.runner.ShrinkNode.verifyProperty(ShrinkNode.java:108)
	at com.pholser.junit.quickcheck.runner.Shrinker.shrink(Shrinker.java:80)
	at com.pholser.junit.quickcheck.runner.PropertyStatement.shrink(PropertyStatement.java:175)
	at com.pholser.junit.quickcheck.runner.PropertyStatement.lambda$property$52(PropertyStatement.java:152)
	at com.pholser.junit.quickcheck.runner.PropertyStatement$$Lambda$45/24349314.accept(Unknown Source)
	at com.pholser.junit.quickcheck.runner.PropertyVerifier$1.evaluate(PropertyVerifier.java:88)
	at com.pholser.junit.quickcheck.runner.PropertyVerifier.verify(PropertyVerifier.java:69)
	at com.pholser.junit.quickcheck.runner.PropertyStatement.evaluate(PropertyStatement.java:112)
	at org.junit.runners.ParentRunner.runLeaf(ParentRunner.java:325)
	at org.junit.runners.BlockJUnit4ClassRunner.runChild(BlockJUnit4ClassRunner.java:78)
	at org.junit.runners.BlockJUnit4ClassRunner.runChild(BlockJUnit4ClassRunner.java:57)
	at org.junit.runners.ParentRunner$3.run(ParentRunner.java:290)
	at org.junit.runners.ParentRunner$1.schedule(ParentRunner.java:71)
	at org.junit.runners.ParentRunner.runChildren(ParentRunner.java:288)
	at org.junit.runners.ParentRunner.access$000(ParentRunner.java:58)
	at org.junit.runners.ParentRunner$2.evaluate(ParentRunner.java:268)
	at org.junit.runners.ParentRunner.run(ParentRunner.java:363)
	at org.apache.maven.surefire.junit4.JUnit4TestSet.execute(JUnit4TestSet.java:53)
	at org.apache.maven.surefire.junit4.JUnit4Provider.executeTestSet(JUnit4Provider.java:123)
	at org.apache.maven.surefire.junit4.JUnit4Provider.invoke(JUnit4Provider.java:104)
	at sun.reflect.NativeMethodAccessorImpl.invoke0(Native Method)
	at sun.reflect.NativeMethodAccessorImpl.invoke(NativeMethodAccessorImpl.java:62)
	at sun.reflect.DelegatingMethodAccessorImpl.invoke(DelegatingMethodAccessorImpl.java:43)
	at java.lang.reflect.Method.invoke(Method.java:483)
	at org.apache.maven.surefire.util.ReflectionUtils.invokeMethodWithArray(ReflectionUtils.java:164)
	at org.apache.maven.surefire.booter.ProviderFactory$ProviderProxy.invoke(ProviderFactory.java:110)
	at org.apache.maven.surefire.booter.SurefireStarter.invokeProvider(SurefireStarter.java:175)
	at org.apache.maven.surefire.booter.SurefireStarter.runSuitesInProcessWhenForked(SurefireStarter.java:107)
	at org.apache.maven.surefire.booter.ForkedBooter.main(ForkedBooter.java:68)
Caused by: org.junit.ComparisonFailure: expected:&lt;{&quot;text&quot;:&quot;M\[\]u0152&quot;,&quot;number&quot;:1838...&gt; but was:&lt;{&quot;text&quot;:&quot;M\[]u0152&quot;,&quot;number&quot;:1838...&gt;
	at org.junit.Assert.assertEquals(Assert.java:115)
	at org.junit.Assert.assertEquals(Assert.java:144)
	at gson.GSONTest.testTestObjectIsAsExpected(GSONTest.java:159)
	at sun.reflect.NativeMethodAccessorImpl.invoke0(Native Method)
	at sun.reflect.NativeMethodAccessorImpl.invoke(NativeMethodAccessorImpl.java:62)
	at sun.reflect.DelegatingMethodAccessorImpl.invoke(DelegatingMethodAccessorImpl.java:43)
	at java.lang.reflect.Method.invoke(Method.java:483)
	at org.junit.runners.model.FrameworkMethod$1.runReflectiveCall(FrameworkMethod.java:50)
	at org.junit.internal.runners.model.ReflectiveCallable.run(ReflectiveCallable.java:12)
	at org.junit.runners.model.FrameworkMethod.invokeExplosively(FrameworkMethod.java:47)
	at com.pholser.junit.quickcheck.runner.PropertyVerifier$2.evaluate(PropertyVerifier.java:106)
	at com.pholser.junit.quickcheck.runner.PropertyVerifier$1.evaluate(PropertyVerifier.java:77)
	... 23 more
</failure>
    <system-out>11:52:31.619 [main] DEBUG junit-quickcheck.value-reporting - Verifying property testTestObjectIsAsExpected from gson.GSONTest with these values:
11:52:31.619 [main] DEBUG junit-quickcheck.value-reporting - [gson.GSONTest.testTestObjectIsAsExpected:arg0 = [TestObject{text=&apos;&apos;, number=-913989076, texts=[], bool=false}], seed = -1693645727779863788]
{&quot;text&quot;:&quot;&quot;,&quot;number&quot;:-913989076,&quot;texts&quot;:[],&quot;bool&quot;:false}
11:52:31.620 [main] DEBUG junit-quickcheck.value-reporting - Verifying property testTestObjectIsAsExpected from gson.GSONTest with these values:
11:52:31.620 [main] DEBUG junit-quickcheck.value-reporting - [gson.GSONTest.testTestObjectIsAsExpected:arg0 = [TestObject{text=&apos;M\u0152&apos;, number=1838285084, texts=[], bool=false}], seed = -1693645727779863788]
{&quot;text&quot;:&quot;M\\u0152&quot;,&quot;number&quot;:1838285084,&quot;texts&quot;:[],&quot;bool&quot;:false}
{&quot;text&quot;:&quot;M\\u0152&quot;,&quot;number&quot;:0,&quot;texts&quot;:[],&quot;bool&quot;:false}
</system-out>
  </testcase>
  <testcase classname="gson.GSONTest" name="testPrimitiveDoubleToJSON" time="0.016"/>
  <testcase classname="gson.GSONTest" name="testTestObjectIsAsExceptedControlTest" time="0.02"/>
</testsuite>