<?xml version="1.0" encoding="UTF-8" ?>
<testsuite tests="20" failures="1" name="gson.GSONTest" time="7.266" errors="0" skipped="0">
  <properties>
[...]
</properties>
  <testcase classname="gson.GSONTest" name="hexFields" time="0.195"/>
  <testcase classname="gson.GSONTest" name="testJsonToPrimitiveInt" time="0.023"/>
  <testcase classname="gson.GSONTest" name="nullNull" time="0.018"/>
  <testcase classname="gson.GSONTest" name="testTestObjectGenerator" time="0.056"/>
  <testcase classname="gson.GSONTest" name="floatingPoint" time="0.268"/>
  <testcase classname="gson.GSONTest" name="testPrimitiveIntToJSON" time="0.02"/>
  <testcase classname="gson.GSONTest" name="testJsonToPrimitiveDouble" time="0.021"/>
  <testcase classname="gson.GSONTest" name="testObjectToJsonToObject" time="0.047"/>
  <testcase classname="gson.GSONTest" name="testNullSerialization" time="0.017"/>
  <testcase classname="gson.GSONTest" name="nullFieldsInJson" time="0.022">
    <failure message="Unexpected error in property nullFieldsInJson with args [TestObject{text=&apos;&apos;, number=784565834, texts=[], bool=false}] and seeds [-9053213195566527817]" type="java.lang.AssertionError">java.lang.AssertionError: Unexpected error in property nullFieldsInJson with args [TestObject{text=&apos;&apos;, number=784565834, texts=[], bool=false}] and seeds [-9053213195566527817]
	at com.pholser.junit.quickcheck.runner.PropertyVerifier.reportErrorWithArguments(PropertyVerifier.java:113)
	at com.pholser.junit.quickcheck.runner.PropertyVerifier.access$300(PropertyVerifier.java:40)
	at com.pholser.junit.quickcheck.runner.PropertyVerifier$1.evaluate(PropertyVerifier.java:90)
	at com.pholser.junit.quickcheck.runner.PropertyVerifier.verify(PropertyVerifier.java:69)
	at com.pholser.junit.quickcheck.runner.PropertyStatement.evaluate(PropertyStatement.java:112)
	at org.junit.runners.ParentRunner.runLeaf(ParentRunner.java:325)
	at org.junit.runners.BlockJUnit4ClassRunner.runChild(BlockJUnit4ClassRunner.java:78)
	at org.junit.runners.BlockJUnit4ClassRunner.runChild(BlockJUnit4ClassRunner.java:57)
	at org.junit.runners.ParentRunner$3.run(ParentRunner.java:290)
	at org.junit.runners.ParentRunner$1.schedule(ParentRunner.java:71)
	at org.junit.runners.ParentRunner.runChildren(ParentRunner.java:288)
	at org.junit.runners.ParentRunner.access$000(ParentRunner.java:58)
	at org.junit.runners.ParentRunner$2.evaluate(ParentRunner.java:268)
	at org.junit.internal.runners.statements.RunAfters.evaluate(RunAfters.java:27)
	at org.junit.runners.ParentRunner.run(ParentRunner.java:363)
	at org.apache.maven.surefire.junit4.JUnit4TestSet.execute(JUnit4TestSet.java:53)
	at org.apache.maven.surefire.junit4.JUnit4Provider.executeTestSet(JUnit4Provider.java:123)
	at org.apache.maven.surefire.junit4.JUnit4Provider.invoke(JUnit4Provider.java:104)
	at sun.reflect.NativeMethodAccessorImpl.invoke0(Native Method)
	at sun.reflect.NativeMethodAccessorImpl.invoke(NativeMethodAccessorImpl.java:62)
	at sun.reflect.DelegatingMethodAccessorImpl.invoke(DelegatingMethodAccessorImpl.java:43)
	at java.lang.reflect.Method.invoke(Method.java:483)
	at org.apache.maven.surefire.util.ReflectionUtils.invokeMethodWithArray(ReflectionUtils.java:164)
	at org.apache.maven.surefire.booter.ProviderFactory$ProviderProxy.invoke(ProviderFactory.java:110)
	at org.apache.maven.surefire.booter.SurefireStarter.invokeProvider(SurefireStarter.java:175)
	at org.apache.maven.surefire.booter.SurefireStarter.runSuitesInProcessWhenForked(SurefireStarter.java:107)
	at org.apache.maven.surefire.booter.ForkedBooter.main(ForkedBooter.java:68)
Caused by: com.google.gson.JsonSyntaxException: com.google.gson.stream.MalformedJsonException: Unterminated object at line 1 column 12 path $.text
	at com.google.gson.Gson.fromJson(Gson.java:937)
	at com.google.gson.Gson.fromJson(Gson.java:887)
	at com.google.gson.Gson.fromJson(Gson.java:836)
	at com.google.gson.Gson.fromJson(Gson.java:808)
	at gson.GSONTest.nullFieldsInJson(GSONTest.java:177)
	at sun.reflect.GeneratedMethodAccessor11.invoke(Unknown Source)
	at sun.reflect.DelegatingMethodAccessorImpl.invoke(DelegatingMethodAccessorImpl.java:43)
	at java.lang.reflect.Method.invoke(Method.java:483)
	at org.junit.runners.model.FrameworkMethod$1.runReflectiveCall(FrameworkMethod.java:50)
	at org.junit.internal.runners.model.ReflectiveCallable.run(ReflectiveCallable.java:12)
	at org.junit.runners.model.FrameworkMethod.invokeExplosively(FrameworkMethod.java:47)
	at com.pholser.junit.quickcheck.runner.PropertyVerifier$2.evaluate(PropertyVerifier.java:106)
	at com.pholser.junit.quickcheck.runner.PropertyVerifier$1.evaluate(PropertyVerifier.java:77)
	... 24 more
Caused by: com.google.gson.stream.MalformedJsonException: Unterminated object at line 1 column 12 path $.text
	at com.google.gson.stream.JsonReader.syntaxError(JsonReader.java:1568)
	at com.google.gson.stream.JsonReader.doPeek(JsonReader.java:491)
	at com.google.gson.stream.JsonReader.hasNext(JsonReader.java:414)
	at com.google.gson.internal.bind.ReflectiveTypeAdapterFactory$Adapter.read(ReflectiveTypeAdapterFactory.java:216)
	at com.google.gson.Gson.fromJson(Gson.java:922)
	... 36 more
</failure>
    <system-out>20:25:34.776 [main] DEBUG junit-quickcheck.value-reporting - Verifying property nullFieldsInJson from gson.GSONTest with these values:
20:25:34.776 [main] DEBUG junit-quickcheck.value-reporting - [gson.GSONTest.nullFieldsInJson:arg0 = [TestObject{text=&apos;&apos;, number=-672443150, texts=[, ], bool=false}], seed = -9053213195566527817]
20:25:34.776 [main] DEBUG junit-quickcheck.value-reporting - Verifying property nullFieldsInJson from gson.GSONTest with these values:
20:25:34.776 [main] DEBUG junit-quickcheck.value-reporting - [gson.GSONTest.nullFieldsInJson:arg0 = [TestObject{text=&apos;y\u2020#Q\u00FB\u00DF&apos;, number=-2106680238, texts=[\u00B4\u00C6, \uC4B0, X8\u00EE\u0153, \u00E1, \u3CCB], bool=true}], seed = -9053213195566527817]
20:25:34.776 [main] DEBUG junit-quickcheck.value-reporting - Verifying property nullFieldsInJson from gson.GSONTest with these values:
20:25:34.776 [main] DEBUG junit-quickcheck.value-reporting - [gson.GSONTest.nullFieldsInJson:arg0 = [TestObject{text=&apos;\u45A4\u4031\uC5F9\u8192\u49C3\u895E\u3B6B&apos;, number=-694413471, texts=[JR\u00EC\u2122, \u068B\u8910\uB4D6, \uD556\uA8F3\u35B4, \u0FC8\u7C28\u21C5\u6CFD\uB0F9, \u09FB\u3AF6\u9EEF, \u82A9], bool=false}], seed = -9053213195566527817]
20:25:34.776 [main] DEBUG junit-quickcheck.value-reporting - Verifying property nullFieldsInJson from gson.GSONTest with these values:
20:25:34.776 [main] DEBUG junit-quickcheck.value-reporting - [gson.GSONTest.nullFieldsInJson:arg0 = [TestObject{text=&apos;\u7B73\uBC10\u7174\u777D&apos;, number=2011809337, texts=[^\u00F4, \u31A2], bool=true}], seed = -9053213195566527817]
20:25:34.777 [main] DEBUG junit-quickcheck.value-reporting - Verifying property nullFieldsInJson from gson.GSONTest with these values:
20:25:34.777 [main] DEBUG junit-quickcheck.value-reporting - [gson.GSONTest.nullFieldsInJson:arg0 = [TestObject{text=&apos;\u0A89\u6913\u6942\u586B\uCF45&apos;, number=1999439453, texts=[\u03AD\u70B5, 3, 7\u00A8\u02C6, \u1FD6\u8B9E\u036A\u1BBC\u5F48, \u5B37\u3AB0, \u000B\\\u00BET, \u00F9O\u00D9, \uB92A\u848B\u7F44\u2046, \u918F\u3E76], bool=false}], seed = -9053213195566527817]
20:25:34.777 [main] DEBUG junit-quickcheck.value-reporting - Verifying property nullFieldsInJson from gson.GSONTest with these values:
20:25:34.777 [main] DEBUG junit-quickcheck.value-reporting - [gson.GSONTest.nullFieldsInJson:arg0 = [TestObject{text=&apos;\u00BAo&amp;\u00C2\u00D9\u00D0ma\u001Ad\u00F0\u00FFt&apos;, number=1193324123, texts=[\u00AAs\u00FB\u00B9\u00AF\u00B6], bool=true}], seed = -9053213195566527817]
20:25:34.777 [main] DEBUG junit-quickcheck.value-reporting - Verifying property nullFieldsInJson from gson.GSONTest with these values:
20:25:34.777 [main] DEBUG junit-quickcheck.value-reporting - [gson.GSONTest.nullFieldsInJson:arg0 = [TestObject{text=&apos;\u6C07\u7236\uB232\u16AE\u203B\uAEFA\uB930\u0934&apos;, number=-2138740426, texts=[ bM\u00A5, \u017D~\u00BB3\u00BB, k\u0192\u000F)\u00C4\u00FBI6\u00E2\u00E4], bool=true}], seed = -9053213195566527817]
20:25:34.777 [main] DEBUG junit-quickcheck.value-reporting - Verifying property nullFieldsInJson from gson.GSONTest with these values:
20:25:34.777 [main] DEBUG junit-quickcheck.value-reporting - [gson.GSONTest.nullFieldsInJson:arg0 = [TestObject{text=&apos;cb\u00DB?#\u00D1R\nX&apos;, number=590902927, texts=[\u70F1\uCE4C\u107B\uD711\u82E0\u0C78, d, \uA9BA\u1AD8\u4E8C\uAC54, \u403C\uBD80\u4E6B\u6C46\u8730, \u00DD\u00F3y, \u00A1\u0001\t7\u00C0Y\u00B3\u00E5?&amp;[\u00E8\u20AC\u00AC\u00F5\u00FFP\u00BA], bool=false}], seed = -9053213195566527817]
20:25:34.778 [main] DEBUG junit-quickcheck.value-reporting - Verifying property nullFieldsInJson from gson.GSONTest with these values:
20:25:34.778 [main] DEBUG junit-quickcheck.value-reporting - [gson.GSONTest.nullFieldsInJson:arg0 = [TestObject{text=&apos;\u0015\u0003&amp;\u00BA\u00BF2\u00A5&amp;\u02C6\u00A4y^S5\u00B7N&apos;, number=-1831451008, texts=[\u03A3, xw, \u00A9\u00E4\u00FD\\], bool=true}], seed = -9053213195566527817]
20:25:34.778 [main] DEBUG junit-quickcheck.value-reporting - Verifying property nullFieldsInJson from gson.GSONTest with these values:
20:25:34.779 [main] DEBUG junit-quickcheck.value-reporting - [gson.GSONTest.nullFieldsInJson:arg0 = [TestObject{text=&apos;\u698D\u8AFD\u2B9A\u96FE&apos;, number=1655821202, texts=[], bool=true}], seed = -9053213195566527817]
20:25:34.779 [main] DEBUG junit-quickcheck.value-reporting - Verifying property nullFieldsInJson from gson.GSONTest with these values:
20:25:34.779 [main] DEBUG junit-quickcheck.value-reporting - [gson.GSONTest.nullFieldsInJson:arg0 = [TestObject{text=&apos;\u6A18\u5390\uC952\u1D75\uCA9A\u7BF2\u9BE9\u0C13\u0E31\uCA63\u0AF4\u403A\u136D\u324B\u5F61&apos;, number=-1473051763, texts=[\fR, \u242E\u16D5\u72F4\u34A6\u3557\u282E\u75A3\uAC83\uB7C5\u6149\u28EE\u154E\u73C5\u9B64\u7072\u233C\u6168\uBC9E\uA005\u43D7\uCB37\u674B\u400F\u6089\u0EF8\u7DA8\uCBEA\uC7D1\u65E6\uC80C\u95EB\u1F3A], bool=false}], seed = -9053213195566527817]
20:25:34.780 [main] DEBUG junit-quickcheck.value-reporting - Verifying property nullFieldsInJson from gson.GSONTest with these values:
20:25:34.780 [main] DEBUG junit-quickcheck.value-reporting - [gson.GSONTest.nullFieldsInJson:arg0 = [TestObject{text=&apos;\u00FD-\u00C7m;\u00C6\u00BE\u00EF\u00C3&apos;, number=1275033467, texts=[\u3B84\u360D\u0DA6\u0B46\uB8A0\uC3DE\uBDF1, \u00A8$O\u00CF, I\u00CCf, KI\u00E4Y\u00D2\&quot;C\u0007, \u947A\u212E\u527E\uD708\u6B30\u3FA0\u705C, \u00F1L\u00BB\u0013-hRE\u00D3#\u00C0\u00B7\u00A7\u00E4\u00E7\u0010`\u017E\f\u0015K\u00B5\u00E4\u2014\u00C6, \u15BB\u68B3\u04DA\u4851\u5B34\u1D67, \u00ED\u00F7-], bool=false}], seed = -9053213195566527817]
20:25:34.780 [main] DEBUG junit-quickcheck.value-reporting - Verifying property nullFieldsInJson from gson.GSONTest with these values:
20:25:34.780 [main] DEBUG junit-quickcheck.value-reporting - [gson.GSONTest.nullFieldsInJson:arg0 = [TestObject{text=&apos;\u00AB\u00BD\u00CBW\u00C9&gt;(\u00CB&apos;, number=-995701266, texts=[\u02DC\u00EEt\u2122\u00B3, ?\u017E\u00F1\u2122\u00D5\u2020\u00EDs\u00EB\u00F1x\u017E\u00DC8\u00EE5\u00C0j\u201A\u2013=\u00FF\u201C\u00B2\u00F9:9i\u2020)B2Cm\u0017\u00A3,\u00A1\u0006\u00BAu\r\u0019\u00C1&lt;}9.\\\tg\t\u0153\u00ABQ\u201E\u0015, \u52AA\u1C2F\u1870\u5BCB\u5F25\u036E\u8BD7\u4220\u42CB\u5239\u51CC\u0212\uBB07\uA19F\u1480\uD289\u81FD\u051E\u8C3A\u9D41\uD213\uC416\u34BA\uA3A7\uBA4E\u565F, \u201AJ%\u2026\u00D7\u0001\u00A5\u0178b\u00F9\u0004], bool=false}], seed = -9053213195566527817]
20:25:34.781 [main] DEBUG junit-quickcheck.value-reporting - Verifying property nullFieldsInJson from gson.GSONTest with these values:
20:25:34.781 [main] DEBUG junit-quickcheck.value-reporting - [gson.GSONTest.nullFieldsInJson:arg0 = [TestObject{text=&apos;\u201A/\u0153\u00C0\u2020o\b\u2026\u00CCb\u0000\u00AF&apos;, number=1545769117, texts=[\u2030\u00CF-c, It\u0011\u0161\u201E\u00B18\u00B7OC\\\u00D3YmC\u203A, \u05AA\u7E65\u3634\u3C47\u58C4\u0ED7\uD77A\u5EF0\uAF4D\u3A1B\uB4F8\u8EF0\u3C65, \u00A0\u00E8b, \u00A70\u017E\u00B3\u00DF\u00D6C\u00BC\u00D5\u00DB\u00EA, \u00E2\u201C\u00A2\u0192\u2021}n\u00F0\\NS\u201D\\\u00C0o, \u0152 \u00A5\u00D5P\u00BBV\u00A8\u00BF}i], bool=true}], seed = -9053213195566527817]
20:25:34.781 [main] DEBUG junit-quickcheck.value-reporting - Verifying property nullFieldsInJson from gson.GSONTest with these values:
20:25:34.781 [main] DEBUG junit-quickcheck.value-reporting - [gson.GSONTest.nullFieldsInJson:arg0 = [TestObject{text=&apos;N\u2020SJrk\\\u000E&apos;, number=2008006362, texts=[\u0001\u00107G, \u00D3\u2021\u00ACaIh}\u00BFE\u00B5\u2014\u2122\u00C8(\u001FP\u00F1x\u000E[2\n\u00C21{MC\u00E4A\u201D\u00CC, \uBC70\u5AFA\uA04E\u7C33, I\u00E6B\u00B8,\u00DEf\u203A\u0161\u0018C(\u00BA\&quot;\u017E#\u00A4\u00E2\u017EN!&apos;\u0017h\u00D4\&quot;]dV\u00A9LJ\u00C8\u00CCn\u0016\u2014\u00E8J, :f\u00DE\u0012m\u0016\u00FF\u2039\f, o\u00C6\u201D\u00E7](\u000B\u00DBL\u2019t\u000B\u0160\u00D5\u017D\u00E0]%;4\u00F2v\u2122\b], bool=false}], seed = -9053213195566527817]
20:25:34.782 [main] DEBUG junit-quickcheck.value-reporting - Verifying property nullFieldsInJson from gson.GSONTest with these values:
20:25:34.782 [main] DEBUG junit-quickcheck.value-reporting - [gson.GSONTest.nullFieldsInJson:arg0 = [TestObject{text=&apos;\uD0A7&apos;, number=1978150343, texts=[\u2039, 4\u00DA1\u0001C\u00CF\u00CA\u0001\u00BD\u00BA%\u017D]ZE&gt;\u2030H\u001Chv\u00B1D\r%W\b\u00C1\u017D-\u00BB\u0018\u00D7c\\\u00B3\u0152\u00C2, \u2026x\u00F2\u00CB\u00BA\u0016\u00C5\u00E3\u00B0v`\u2039\u0192P,\u00D0-\u0002, \u00C9\u000B\u001Dj\u00D7\u00CFd;, \u00CD\u00C1\u00F6R&gt;\u001D3\u2018h\u0161\u00FC\u00DB{], bool=true}], seed = -9053213195566527817]
20:25:34.782 [main] DEBUG junit-quickcheck.value-reporting - Verifying property nullFieldsInJson from gson.GSONTest with these values:
20:25:34.783 [main] DEBUG junit-quickcheck.value-reporting - [gson.GSONTest.nullFieldsInJson:arg0 = [TestObject{text=&apos;\u0EA3\u4DC7\u97A1\u665A\u58D9\u98E1\uB6CD&apos;, number=1414819045, texts=[\u2B57\u8457\u977C\uA891\u21DD\u69D4\u13D4\u193E\u91F4\uBC52\uB46C\u2BAF\u8261\u7C14\u69EE\u1529\u8611\uB986\u7349\u1B96\u56F8\u2BEC\u9F94\u130A\uB662\u54C1\u1984\u2D45\u54CE\u7AE8\u237C\uC98F\u6E29\u7B19\uBBA2\u1765\u363C\u382A\u00E3\u9EAC\u224E\u41E2\uA304\u8BE1\u4257\u7E1A\u3A72\uB931\uBB71\u9663\u48E4\u7A43\u199F\uAD67\u403B\u671C\u18CD\u80E6\u9F69\uD1D9\uCC5C\u62C8\uA920\u3419\uA794\u417F\u171B\u99DE\u0AEF\u624F, \u00FFb\u00A1\u001C;\u00A3\u00B9\u2039\u00AB, Y\u00E9], bool=false}], seed = -9053213195566527817]
20:25:34.783 [main] DEBUG junit-quickcheck.value-reporting - Verifying property nullFieldsInJson from gson.GSONTest with these values:
20:25:34.783 [main] DEBUG junit-quickcheck.value-reporting - [gson.GSONTest.nullFieldsInJson:arg0 = [TestObject{text=&apos;\u0010\u2039\u00CA \t\u00A2\u2014\u00CE.\u00FBy\u0153^\u00AE\u00DAnvM!\u001B \u000E4?\u00E3\u01538\u00D8\u00BD&apos;, number=1593669583, texts=[\u3DBC, \u0002|\u0178\u00B2\u000B\u00D7e6\u2018\u0017 \u001E\u00CFW\u00E5\u0160\u00C0CY\u00E9\u00F0\u00C2!\u0013O\u2021\u2021s, \u1DB3\u80CE\u95D8\u3911\u8589\uC9C0\u1795\u94B4\u9118\u0F49\uAC30\u50B3\u4945\u7538\u9782\u9B8C\u85DE\u84FF\u3242\u8EAE\u0266\u0E79, \u9B8E\u5CB5\uAC25\u23C0\uD537\uAF63\u3DC0\u647F\u1F77\u320E\u3AAC\u97E0\u9C09\u4627\u1B3E\u2A89\u41E2\u3119, \\aB\u00A8\u20198D\u0005\u0006\u0011F\u2026\u00AB\u2039\u00DC\u00AF\u00B8\u00D5\u0010\u00D5\nu\u001F1\u00A2\u00D3\u0003\u0001l@o\u00B3\u00C6=, \u0696\u4251\u679D\u11B8\u275A\uC844\uD3AD\u958C\u8BD9\uB91A\u2821\u3C93\u6D40\uAFA2\uAFB4\u172D\u26A6\uCB49\u2F34\u5959\uC857\u9622\uAB8D\uBEF3\uC474\u5E61\uB3A2\u9928\u05F6\uA323\u6DD0\u1AA5\u4B31\uD5F2\uD6E9], bool=false}], seed = -9053213195566527817]
20:25:34.783 [main] DEBUG junit-quickcheck.value-reporting - Verifying property nullFieldsInJson from gson.GSONTest with these values:
20:25:34.783 [main] DEBUG junit-quickcheck.value-reporting - [gson.GSONTest.nullFieldsInJson:arg0 = [TestObject{text=&apos;\u23B2\uBC7C\u3655\u81DF\u733C\u5B51\uB71B\u7B43\u0B7F\uBA1B\u8F20\u031C\uCF27\u87AB\u4EFB\u4623\uB80C\uC3D3&apos;, number=540418735, texts=[\u63C0\uC9D3\uC069\uAEDF, \uBD94], bool=true}], seed = -9053213195566527817]
20:25:34.784 [main] DEBUG junit-quickcheck.value-reporting - Verifying property nullFieldsInJson from gson.GSONTest with these values:
20:25:34.784 [main] DEBUG junit-quickcheck.value-reporting - [gson.GSONTest.nullFieldsInJson:arg0 = [TestObject{text=&apos;\u74B7\uB062\uAA6D\u7D32\u9F5B\uAD82\u4E79\u9E7D\u23DC\u3333\u7F32\uA6A6\uACB8\u4360\uCF2A\u4D8F\u9D68\u9209\u6677\uB2D5\uCC3A\uD04F\uD307\u4FA7\uD056\u732B\u19A9\u37CA\u2F19&apos;, number=-2115589070, texts=[\u914B\u86C7\u93A6\u9C0C\u0500\u3D8D\u7A34\u5EB9\uB419\u48EE\uAB7B\u214B\u70F3\u39D4\u1551\u4913\u8A4A\u208E\u73B5\u5ACA\u34F3\u2972\u8C10\u8D49\u628D\u9554\uCB8D\uD686\u3466\u3B6A\u6017\uD247\u8B28\u499F\uBBD6\u3D94\u056D\uBE4B\u0B5A, \u0004\u00C9\u00B27\u00C0\u00E1\u00A1G\u00AE\u00E9Z, \u017E\u0015\u0192\u00A44H\u20AC\u00E0\u20AC\u00F1;B*F\u0015Z\u00CFQ\u00E4\u00CC\u017D/\u00DF\u00D0\u01611\u00D3\u00EF\u017D\u00E2, 1\u00B7P\u00ED}A\u2020\u00B1, \u00D37\u00B0}\u203A\u203A\u0010\u00FA\u00DA\u0006\u00E2], \u2984\u7EAB\u7820\u9565\u3B7F\u4A26\uB274\u039A\u078B\u8242\u251D\uA637\u4942\u384A\uB18E\u80B2\u74E4\u7E6F\u21D9\u63C3\u0005\u32C9\uBF79\u88AF\u3852\u9368\u9EF0\u1F76\uA8F0\uABD2\u7082\uADEB\uA4A7\uBAB8\uBF15\u2999\u7C4D\u01A4\u8790\u338C\u09F4\u727A\u6972\u0DE0, \u7A45\u7DA9\u1C91\uA15B\uA266\u64BE], bool=false}], seed = -9053213195566527817]
20:25:34.784 [main] DEBUG junit-quickcheck.value-reporting - Verifying property nullFieldsInJson from gson.GSONTest with these values:
20:25:34.784 [main] DEBUG junit-quickcheck.value-reporting - [gson.GSONTest.nullFieldsInJson:arg0 = [TestObject{text=&apos;t\u2020H\u02DC\u000E\u00A0V\u00AF\u00FD\u00FF2\u2021J\u00E3x\u00D8\u0178\u00A2@\u00C9\f\u00F2\u0017d0\u0010\u0010\u0014w\u00C9l&apos;, number=1397658540, texts=[], bool=true}], seed = -9053213195566527817]
20:25:34.784 [main] DEBUG junit-quickcheck.value-reporting - Verifying property nullFieldsInJson from gson.GSONTest with these values:
20:25:34.784 [main] DEBUG junit-quickcheck.value-reporting - [gson.GSONTest.nullFieldsInJson:arg0 = [TestObject{text=&apos;o=mHL\u00C2\u2021\u00F9\u00A0\u0192{:M\u00AF\u2020I\u2019}&apos;, number=-1822073485, texts=[\u2021\u0010\u201D, M\u2026W\u00B5?}p\u2018s!, \u00B1\&quot;, \u42C6\u65C4\u768C\u2DA4\u5695\u8A70, \u4259\u9A68\u947B\u0B06\u8B42\u179F\u07F5\u35DF\u0FA6\uD7FF\u4EC2\u1FBB\u82F2\u2432\uCACC\u9921\u3553\u8C58\uB11A\uB08C\u80BC\uD626, \uAC1A\u8C2A\u052A\u34BC\u31A2\u3C51\u1C6A\u0D47\u4B92\uC984\u5AB8\u1163\u6965\u7586\uA908\uAEEF, 4\u2039\u0014\u0004~A\u0014\u0192s\u0001@z\u2039s\u00E3Rl&apos;@l\u0017\u0013\u00D4\u00C4{\u00E0\u00AC\u00046\u00BA\u001B\u00B9\u0160\u2030n&apos;\u0019\u00B7\u00192\u00B6\u00F5\u00E9p\u00D33X3, \u00A3\u0153\u00B2], bool=false}], seed = -9053213195566527817]
20:25:34.785 [main] DEBUG junit-quickcheck.value-reporting - Verifying property nullFieldsInJson from gson.GSONTest with these values:
20:25:34.785 [main] DEBUG junit-quickcheck.value-reporting - [gson.GSONTest.nullFieldsInJson:arg0 = [TestObject{text=&apos;b\u00E5\u00FE\u00C3\u00A7#7\u00D8\u02DC\u00E7\u00C9\u00F8\t\u0011\f\u00CB\u2026\u2014&apos;, number=-1535010580, texts=[\uA5B1\u7EAE\u6B37\u13BC\u67AE\u9B18\u4491\u0B65\u689E\u1877\u8A5B\u6E72], bool=true}], seed = -9053213195566527817]
20:25:34.785 [main] DEBUG junit-quickcheck.value-reporting - Verifying property nullFieldsInJson from gson.GSONTest with these values:
20:25:34.785 [main] DEBUG junit-quickcheck.value-reporting - [gson.GSONTest.nullFieldsInJson:arg0 = [TestObject{text=&apos;\u00B7G&apos;, number=777436297, texts=[\uAEDA\u6481\u6084\u99C0\u90D0\u4108\u60F4\u5C38\u6891\u4662\u6C70\uB714, [\u00AA\u00A8\u00C0\u20213w\u001Dj\u00F6@\u00DCd\u00C6\u00DEh\u0018\u00FA^Y\u00B6]\u201ARSJ\u0005\u00FD\u2014\u00E4\u00AC\u00FAe\u00A0, =\u00A7\u00BA\u201A\u00DE\u00E0\u00A9ZK]\u00A9\u00A9\u00AC\u00B0\u00B7\u2039$\u00CA\u2021J\u00A4\u00D4/\u00BF\u00BC\u0192-\u00D3+1\u00DDK, \u2DB7\uB285\u3A19\u96B3\u343B\u8E9B\u7600, 2\u00ACs\u00DB\u0019\u0014\u0019], bool=false}], seed = -9053213195566527817]
20:25:34.785 [main] DEBUG junit-quickcheck.value-reporting - Verifying property nullFieldsInJson from gson.GSONTest with these values:
20:25:34.785 [main] DEBUG junit-quickcheck.value-reporting - [gson.GSONTest.nullFieldsInJson:arg0 = [TestObject{text=&apos;\u00A1\u00C7\u02C6\u00B9\u00B0;\u0010k\f\u2018\u00F3\u00A3\u201D\u00AD\u00B2\u00A0\u00BD\u00CD\u2026\u2013\u00CAi\u00F8\u0178\u00E4\u00AF\u0012\u00F5r\u2021\u00FF\u02DC\u00CF\u00A0\u00BDr\u00EAx\u00B4\u20ACX \u2022\u00BF.A\u00A8\u00DC&apos;\u00C9\u00B51H\u00C7\u00E4\u001CP\u00B1\u00FD(g\u00DF\u00B0\u00DF\\l\u0015\ff\u0016\u00F9k5W\u00C0\u00DAO\u00DA\u00C0@\u00CD\u2030\u00B8E\u00E5\u000B]\u00CC\u00AF05\u00BC{\u00AC\u0153F&apos;, number=-1359215117, texts=[], bool=true}], seed = -9053213195566527817]
20:25:34.786 [main] DEBUG junit-quickcheck.value-reporting - Verifying property nullFieldsInJson from gson.GSONTest with these values:
20:25:34.786 [main] DEBUG junit-quickcheck.value-reporting - [gson.GSONTest.nullFieldsInJson:arg0 = [TestObject{text=&apos;!8u\u001Cx\u0019&apos;BP\u00F3\u0153&apos;, number=-30002759, texts=[\u3337\u563E\u2454\u47EB\u1249\uCBC4\u57D0\u018F, \u017Erl\u00C0\u0007%\u0016\u000E\u00B2\u00EF\u02C64\u00AFYI\u00CB\u0003\u00F0\f\u00D5!)\u0012\u00DF\u00D5, \u671A, \uB849\u8359\u9027\u023F\u1F0E\u5416\u1055\uAA2C\uC9E2\u5CD7\u2AD8\u46B6\u61C3\u0411\u582F\u8D7D\u5DCD\u54B6\u0DA3\u8FE4\uBB8A\u79AE\u10E8\u3DDF\u0C9A\u1D41\uC406\u89AE\u8B8F\u794F\u910F\u8489\u1432, \u3055\u25CB\u207E\u15A1\uD311\uD2D8\u3315\u9306, \u08D6\u5FA3\uB5A5\uCB34\u711E\uBCE5\u6F75\uC642\u56B2\u8974\u7AD5\u36B8\u33B1\u14F0\uB64A\uCEBC\u24CA\u47EE\u2300\u96DE\uB61C\u64E2\u3918\u7DC0\uCDE1\u51B3\u4978\u0C3F\u14EE\u344B\u6B2E\u4585\u2D5C\u2487\u7744\uD154\u05B6\u4987\u4CC7\u032C\u286E\u6E7C\uCFB6\u17AC\u8201\u3607\uCB67\uA41F\u96B3\u6BED\u4D54\u5C46, \u413F\u3026\u4C17\uB907\u8FBF\uB9C0\u4D19\u7F0C\uCA1E\u5E1E\u953A\u0EC8\u6061\uCD7A, &apos;\u00C1\u00C9, \u017D\u00B1\u00D5\u00B6\u0001\u00CD\b\r-\u00A3\u00DA\u00FC\u0015\u0013U\u0011\u00D2q\u00B4\u00AFX\u00BC\u00DC\u0161\u000EnX\u2022,\u2039\u00E6\u00BF\u00B2#\u00AD\u00CA\u2122], bool=false}], seed = -9053213195566527817]
20:25:34.786 [main] DEBUG junit-quickcheck.value-reporting - Verifying property nullFieldsInJson from gson.GSONTest with these values:
20:25:34.786 [main] DEBUG junit-quickcheck.value-reporting - [gson.GSONTest.nullFieldsInJson:arg0 = [TestObject{text=&apos;\u1059\u14A1\uC0E2\u02DF\uB684\u67D5\u4C1D\u7BFD\u7497\u6C94\u1321\u042B\u6FC4\u2BB7\u3DDB&apos;, number=950699437, texts=[\u814C\uA478\u9182\u7B60\u5E5A\uC992\u3436\uA10D\u3F90\u8064\u6BFF, \u2E47\u3B69\u08A7\u1F1F\u7D04\u229A\u0D9D\uD6B3\uD082\uA157\u6B7E\uBE5B\uB966\u0B9E\uA627\u66DD\uCEF8\u20F6\u5D96\u09C4\u43E9\u7F23\u2F4D\u4263\u4AD0\uBD10\u61E7\uAB81\u65D9\u61F4\u8EBD\u9BBB\uCFB4\uB8F8\uB97C\u2876\u98EB\u65B7\u55D6\uD78E\u283D\u8A97\uA2C6\u375E\uD7B5\u1FED\u9284\uC4EA\uAAFC\uB2B5\u0874\uC318\u3C5B\u4649\u3C72\u1C05\u9DE0\uCA4C\u11CD\u43C2\u7667\uB552\u9602\u890E\u38A6\uC537\uAB83\u5A76\u3A15\u899C\u0326\u8A9F\u73E6\u20DF\u5630\u43C8\u5D0A\uB2D3\uCCDD\u99BE\u12C1\u4C65\u4148\u3C53\u0DCD\u33C1\u8071\u7C22\u3335\u049C\u1273\u84B7\uD3E7\u5450, &lt;J\u0004\u0007\u00DE1, w\u20AC\u00ED`\u20AC\u017E\u0160\u00D0G\u00D1\u00F0\u001E\u001F&apos;\u00AD\u00A6\u00D5\u001F\u0012\u00A5\u0015gqK\u00AD\u00D5\u00B2\u0153\u00EF\u00D2\u001B\u00A3Y\u00C2+\u00E8\u001EGkD M\u0010\f&gt;\u02DC\bg,\u00EE\u00FC\u0178I\u00AE\u00A6d\u00A7\u0001\u0013i\u0019C\u0014;\u00A8\u0178\u00ED, \uD522\u80F5\u3B1E\u8637\uAFAC\u0963\uC3FD\uD482\u1F39, \u000F|op%\u0005\u00CEy\u201D\u00F3\u00E9\u0152\u00E6\u00DE\u00E8~\u00B8\u00AA2\u00BAE\u00CB~C\u000B\b\u00B3\u00F6\u00FF\u017D}\u001A$\u0017&gt;V\u00EB\u2030\u00AF\u2021{\u00F2nB\u0013\b\u00D5\u00B4\n\u00A9\u001D\u00C5\u00AD\u00BF\u00D8\\?\u00A1a,\u0002\u0015*\u00A7, *\u2018\u0192/\u00B8\u00FD\u00A8\u00D9R(\u2018\u00D0\u00FB14\u001B.\u0018\u00BB\u00C8\u00E2\u00E4\u2122\u00DC\u000BLD[+\t\u0161, \u940B\uD0A4\u93A7\u6D6C\u9D50\u0BEE], bool=false}], seed = -9053213195566527817]
20:25:34.786 [main] DEBUG junit-quickcheck.value-reporting - Verifying property nullFieldsInJson from gson.GSONTest with these values:
20:25:34.786 [main] DEBUG junit-quickcheck.value-reporting - [gson.GSONTest.nullFieldsInJson:arg0 = [TestObject{text=&apos;\u21F3\u9980&apos;, number=2065597340, texts=[\u7233\u59F0\u60F3\u07FF\u83A7\uD5A6\u16FC\u8A2F\uD2B3\uB259\u8937\uD4D2\u4F88\u3E7E\u95C2\u3206\uC353\u5319\u6471\uBE12\uC89D\u2390\u7200\uD763\u2FBB, I\u00A5uI\u0017(J\u00E4\u00CA\u0016\u00CD\u00DA\u00F9C\u2013\u00F4, \u2A2A\uD1AE\u09DA\u070A\u9C42\u8F2F\u811F\u8231, \u5C14\uC3B4\u14BA, \u00E9T\u00DA\u00D9f\u0014&amp;\u00FC))\u00E1G\u00FA,\u20197\u00EET\u0015A\u0011\u0160\u2026\u00BCj\u0015\u02DC\u2020\u00A8\u00C0ht\u00179\u0001 \u00A2\u00D6\u00C2\u00A3\u00AD\u2021AM9\u00A8\u00CBS\u2030\u201E\u00CA\u001A\u00E6\u00A54\u00A7}\u00C3\u00AB*\u00D7\u0000\u00F3{\u00C2#\u00A6\u00ED&apos;\u02C6\u2039\u2013\u0013], bool=false}], seed = -9053213195566527817]
20:25:34.787 [main] DEBUG junit-quickcheck.value-reporting - Verifying property nullFieldsInJson from gson.GSONTest with these values:
20:25:34.787 [main] DEBUG junit-quickcheck.value-reporting - [gson.GSONTest.nullFieldsInJson:arg0 = [TestObject{text=&apos;\u3EE2\u9579\uA2F3\u4D84\u74FA\u30E1\u0830\u7215&apos;, number=-248247312, texts=[\u0018\u001BbH\n\u00F3/j\u00B3\u00BEZ\u00A4\u00FC\u00EA\u00BEP\u00EEe\u00DD\u00FFI\u0002\u00D5\u00C8Q\u00AF, \u10D1\u489C\u99D5\u5282\u76C1\u8A03\u0906\u4800\u9B7C\u21ED\uA500\uA4A3\u6425\u53DA\u0A69\u0B04\uB40D, S\u00F1\u001D0t\u0153\u0178\u00C6\u00DB\u00F15\u0161Po9, \u001D\u001D\u00B5\u2018\u00CA\u00DE\u00DF9\u0192\u0003\u00A0\u00D4\u00D0], bool=true}], seed = -9053213195566527817]
20:25:34.787 [main] DEBUG junit-quickcheck.value-reporting - Verifying property nullFieldsInJson from gson.GSONTest with these values:
20:25:34.787 [main] DEBUG junit-quickcheck.value-reporting - [gson.GSONTest.nullFieldsInJson:arg0 = [TestObject{text=&apos;\u0011&apos;, number=858567569, texts=[], bool=true}], seed = -9053213195566527817]
20:25:34.787 [main] DEBUG junit-quickcheck.value-reporting - Verifying property nullFieldsInJson from gson.GSONTest with these values:
20:25:34.787 [main] DEBUG junit-quickcheck.value-reporting - [gson.GSONTest.nullFieldsInJson:arg0 = [TestObject{text=&apos;\u2F44\uA76A\u159D\u7900\u693F\u8010\u8B91\u99FD\u720E\uAD95\u8185\u2554\u55C0\uD413\u1B9F\u25F6\u93F4\u7A2F\u9402\u4585\u374D\u7B25\u6BD6\u57DA\uBAA5\u98C3\u4646\u02B9\u8795\u2F9F\u47E8\u4822\u9A3A\u6FFB\u1FDF\u3060\u81D2\u4DD8\u7F79\u0086\u4FCC\u8E8B&apos;, number=-578631918, texts=[], bool=true}], seed = -9053213195566527817]
20:25:34.788 [main] DEBUG junit-quickcheck.value-reporting - Verifying property nullFieldsInJson from gson.GSONTest with these values:
20:25:34.788 [main] DEBUG junit-quickcheck.value-reporting - [gson.GSONTest.nullFieldsInJson:arg0 = [TestObject{text=&apos;\u6EB5\u89D2\uC21F\u1478\u0CC8\u04AC\uA695\u0F38\uAF40\u8C81\u7982\u55D4\u5F2A\u2468\u09FA\uAD4E\uD24A\u2470\u0442\u124E&apos;, number=1617533352, texts=[\uB2C0\u851C\u80E4\uC396\u180C\u152D\uA53D\u0725\uC55B\u011D\u68D6\uAADB\u1AC9\u27E4\u4F92\u6220\u2D41\u631E\u7743\u94C2\u9171\u4F32\u3810\u1D08\u9FAC\u94FC\u361E\u1CCA\u2190\u5D99\u11F8\u2858\uD3D3\u8C9B\u26E8\uC689\u3E06\u290C\u17C8, \u1D89\u5381\u2A6E\u217F\uCF79\u94DA\u6FC0\u49C0\u9B76\uD303\uB9B9\u6EEC\u2D92\u6982\u1BFA\u66B4\u1506\u20C8\u9CE1\u7E4A\uB158\uC188\u5264\uC343\u3703\u22D8\u72FB\uB01B\uA5A4\u4E68\u08AA\uC338\u2274\u1237\uA916\u38CB\u8AB5\u947B\u489F\uAEC7, \u41D6\u59A1\u3C5E\uB829\uB98F\u951C\u3D73\u7BE9\uAC9E\u0DB2\u8D9F\u9CF7\u7110\uAF56\uB167\u22DF\u8EC5\uBC85\u35B5\uB106\uADDE\u88AA\u05C4\uA928\u1606\u3113\u1AEC\u122A\u52CA\u3C9F\uC91B\u4149\u3E26\u1A3C\uC619\u8771\u9F87\u2CC1\u383D\u4B85\uACCE\u9954\u06BE\uBB84\u454B\uAF96\u7488\uA67F\uAE49\u42F2\u24FA\u60D9\u7358\u01EF\u8176\u2D3C\u924B\u1934\u0239\u6D6A\u9675\u8A85\u83B3\u72D9\u2914\u4083\u9C0A\u3431\u0C13\uA1A1\u0B23\u90B9\u3B7E\u9975\uC9F7\u8099\u2E3B\uCAB7\uD240\u8BEE\u3DCE\u8439\u365D\u8A42\uD3DE\u8749\u1F15\u39D5\u3377\u01D7\u1A13\uB6DA\uC807\u7324\uC9AD\uAD9C\u6314\u20A2\u15EE\u9C8A, \u37B2\u3FAB\u585B\u1175\u640B], bool=true}], seed = -9053213195566527817]
20:25:34.788 [main] DEBUG junit-quickcheck.value-reporting - Verifying property nullFieldsInJson from gson.GSONTest with these values:
20:25:34.788 [main] DEBUG junit-quickcheck.value-reporting - [gson.GSONTest.nullFieldsInJson:arg0 = [TestObject{text=&apos;\u1D46\u9CEE\u1E48\u078D\uBA62\uA953\u9925\uC61B\u077D\u3EBA\u3B29\u3D73\u5CEA\uA349&apos;, number=-2078477493, texts=[], bool=true}], seed = -9053213195566527817]
20:25:34.788 [main] DEBUG junit-quickcheck.value-reporting - Verifying property nullFieldsInJson from gson.GSONTest with these values:
20:25:34.788 [main] DEBUG junit-quickcheck.value-reporting - [gson.GSONTest.nullFieldsInJson:arg0 = [TestObject{text=&apos;\u510D\uA69D\u8207\u5062\u1AF7\u5973\uA020\u7680\u09EA\u9F63\u04B0\uB4CC\u14D0\u8DF5\u3E4C\u3379\uCA95\u0952\u3ECB\u1EAE\u3443\u9F7C\u12CC\u6E42\u0824\u8849\u7E14\u405F\u2892\u43AA\u4126&lt;\u854A\uC8A2\u1108\uB34C\u3302\u3343\u71E9\u4938\u2358\u2465\u7E5E\u4138\u98E7\uC7AF\u3B81\u0CFB\uAF48?\u8B20\u89E7\u1BE4\u4D94\u867B\u77C5\u5647\uCB79\uB629\u4CC8\u153C\u08DC\uA528\u2CB6\u4B4B\u9B85\uA8D6\u03C7\u1D4C\uA82E\u06B2\uD7F6\u51D5\u2207\uC3E1\u8695\uB939\u34DA\u4F46\uA79D\u1D36\u0271\u205D\u9558\u17EF\uD16D\u56B6\u2A1E\u896C\u4BD8\u22E0\u1575\u049E\uA854\u7894\u8482\u9ADB\u249E\u9600\uBA1E&apos;, number=910418630, texts=[\\*\u00B9!f\u00DB\u0019\u00AB\u00D3\u00F2[\u00FD\u201C^\u00AC\u00CB\u00E3\u00EC~9\u00C2zV\u00A1\u00AD\u0178F\u00FF\u001E\u00C7\u00A7\u00CCJ\u0160\u000F\u00E39\u02C6ae\u00AE\u00CA\u00D0\u00A2}\u00B5\u00E2\u00D8\u00DDB\u00E4\u0013Y\u00BB\f\u000FJ\u00D6\u203A, \u5DE9\u0527\u87FD\u9D54\u00AB\u749E\uC427\uA4FA\u37BA\u6468\u662F\u2D57\uA408\uC85A\u8078\uC6A3\uBC10\u93EC\u3081\u10BE\u5390\uB76E\u38F5\u2CE8\u1116\u5726\uB57D\u0E28\u9634\u584C\u9CD0\u8B0F\u9FCA\u7359\u26A2\u4ADB\uCFE1\u203B\u62C3\u2902\u403D\uB49E\u2872\u5582\u34C9\uB9E7\u0F13\u5709\u8F32\u1851\uC751\u42DF\u3B90\uB92C\u4430\u7A1C\u4F5A\u78B5\uCDDD, \u8679\uB152\u47B1\uA66E\u3EBA\u4FF9\u32D5\u2DA0\uA848\uD65B\u0D47\u8E48\uAA7E\u93D9\u2967\u2EE4\u8774\u601B\u6B25\u4A52\uA362\u2071\u36DD\u3581\u4018\u45D0\u8EBA\u5503\u7B4C\u3F3D\u32BD\u1C94\u1476\u8BA8\uADA4\uA076\u9C23\u6D9E\u4292\u9223\u55E8\u9E53\uB3B0\u2D84\u1DB0\u8045\u43B7\u8A13\u4563\u2711\u765C\uC270\u1926, i2uqJ\u00C5(Z\u00B9\u00F8v[\u00B9\u00053\u00D4\u00F2\u00F7\u0004\u00E7D\f\u00D9E\u00DD\u0006 \u0018\u2018\u00B73\u0002\u001A, \uA642\u0390\u39FC\uD698\uCADC\u9A5B\u0FB5\u9D52\u9343\u954C\uC750\uC4A6\u33F4\u9E95\u5780\uD031\u536A\u76E4\uA204\u4E44\uB5D1\u6646\u0403\u8F84\uA1EC\u0806\u4E28\u81A8\uC24A\uA941\u89C6\u227E\u69A7\u93F4\u7B92\u2B17\u9461\u985D\uAA7A\u7050\u5B56\u3A7E\u52E0\u8A38, \u8707\u89A6\uB84B\uD738\u1FA4\u020C\u7F15\uD272\u1EE3\u0F94\u81D0\u4203\u11F6\u725C\u3600\u2ABF\u872B\uB36C\u62C1\uA515\uC2F2\u4FB6\uC265\u9796\u2D3B\uA759\u874B\u7D65\u1CF0\uB76E\u87CA\u56F5\u8FAC\uC28F\u7FEA, \uC3B4\uB3BD\u3F51\u3CEF\u8339\uBAE2\u9D69\uBCF1\uA68E\u1D61\u2012\uD2EA\u02DA\uC25D\uBCB8\uCE60\u9C4E\u8925\u0192\uB21A\uBA4A\u0928\uA133\u6BAE\uCBAC\u2EB7\u0D9E\uA659\u3750\uC97E\u15E7\u593F, \u0F48\u8064\uA417\u787D], bool=false}], seed = -9053213195566527817]
20:25:34.789 [main] DEBUG junit-quickcheck.value-reporting - Verifying property nullFieldsInJson from gson.GSONTest with these values:
20:25:34.789 [main] DEBUG junit-quickcheck.value-reporting - [gson.GSONTest.nullFieldsInJson:arg0 = [TestObject{text=&apos;\u0015\u00A5_\u00FD\u00D4V\u00EC\u00F7\u0178&gt;\u00AA\u00C8D1\u00B0\u00A7\u00DD\u00C2\u0005\u00125/K\u0000\u0018&apos;, number=-601730799, texts=[Uc\u0004\u00A1\u00B1A$x-\u00DD(\u00B4\u00D9\u00BA\u00C8\u00DE\u00F5\u00BD\u00C4:\u00F2Q\u00F2\u00B5xj\u0014\u00F2], bool=false}], seed = -9053213195566527817]
20:25:34.789 [main] DEBUG junit-quickcheck.value-reporting - Verifying property nullFieldsInJson from gson.GSONTest with these values:
20:25:34.789 [main] DEBUG junit-quickcheck.value-reporting - [gson.GSONTest.nullFieldsInJson:arg0 = [TestObject{text=&apos;\u25DA\uC322\u7975\uD7A8\u2FEF\u0E06\u83B1\u12B3\uA7BD\uA3A1\u73F9\u9015\u1C04\u76DB\u4D2C\u6C74\u0A98\u46CD\u9A94\uD70A\u7904\u79F4\u38BD\uA438\u1ADF\u1677\u2067\u8382\u27E5\uCB30\u1AFC\u144F\u581D\u496A\u0C79\u0FC9\u7F72\u3291\u31FE\u0D2D\u9A38&apos;, number=-782223218, texts=[\u92F3\u930D\u210D\u9C45\u1E63\u58ED\u2494\u6EA8\u0B3E\u5A01\u9306\uB37B\uCA98\u42E3\u5AC1\u4C13\uB4C0\u2FDA\u6F3D\u0919\uBA2F\u3BAA\u02D2\u7F82\u9F28\u180E\u7003\u460B\u91D2\u13A3, -\u00D8\u0011}}\u00E8z\u001F\u00A0`/\u00B6XH\u0018\u00CF\u00B5\u00EB,\u2021\u00E6\u00D9\u2122.\u00C1\f\u00FC\u00A7\u0152\u017E\&quot;\u00FAm\u20AC\u00AD\u00D4\u00A8\u00C6\u00E0\u0012w\u201AH-\u00FD_\u00FE\u00BD\u00E3T\u00EE\u00D2\u00EEL\t\u00BA\u00C5\u00F3\u00EDF\u000B\u00FD\u0001\u000B#\u00D5\u00AC\u20ACC\u00FD\\\u00AF\u00C3\u00AF&lt;\u00DE)\u000F\u00AA~\u00C4\u00E0\u001D;\u00E3H\u00F6\u00CA\u00E2\u00DFB\u00C4\u00DB[5\u2019`G\u00A2], bool=false}], seed = -9053213195566527817]
20:25:34.789 [main] DEBUG junit-quickcheck.value-reporting - Verifying property nullFieldsInJson from gson.GSONTest with these values:
20:25:34.789 [main] DEBUG junit-quickcheck.value-reporting - [gson.GSONTest.nullFieldsInJson:arg0 = [TestObject{text=&apos;\u20AC\u00A8\u00F0(\u02DC\u00B7I\u00B3\u0014\u00AA\u2019\u0011\u00DE\u00E8\u00A6\u00AD7&apos;, number=327614190, texts=[], bool=false}], seed = -9053213195566527817]
20:25:34.789 [main] DEBUG junit-quickcheck.value-reporting - Verifying property nullFieldsInJson from gson.GSONTest with these values:
20:25:34.789 [main] DEBUG junit-quickcheck.value-reporting - [gson.GSONTest.nullFieldsInJson:arg0 = [TestObject{text=&apos;\u69EB\u8E3A\u509A\u2510\u7DE1\u7111\uADE0\uBC6B\u38D6\u830F\u26B9\u902B\u46F9\u5A5E\uBAAB\u9201\u6686\u59A5&apos;, number=1457604620, texts=[\uA66B\u131B\uBECD\u34BF\u48CA\u716F\uAF3C\u7B20\u757B\u2B4E\u4379], bool=false}], seed = -9053213195566527817]
20:25:34.790 [main] DEBUG junit-quickcheck.value-reporting - Verifying property nullFieldsInJson from gson.GSONTest with these values:
20:25:34.790 [main] DEBUG junit-quickcheck.value-reporting - [gson.GSONTest.nullFieldsInJson:arg0 = [TestObject{text=&apos;\uCC18\u0CFD\uCE65\u212F\uA84B\uB85F\u980E\u71D8\u2263\u9A0C\uCCEA\u2EA5\u3F15&apos;, number=-2047988672, texts=[\u70D8\u7DD5\u37E9\u7AC7\u2A33\u8EB0\uA0BD\uA84E\u4E35\u7D21\u5A6E\u974D\u9B4F\u4FB2\u24B0\uA918\u4FC4\u9017\u4810\uD19D\u8797\u8E92\u5733, \u00A4\u00BA\u0010\u00E1\u00E3\u001Fg\u00D6], bool=true}], seed = -9053213195566527817]
20:25:34.791 [main] DEBUG junit-quickcheck.value-reporting - Verifying property nullFieldsInJson from gson.GSONTest with these values:
20:25:34.791 [main] DEBUG junit-quickcheck.value-reporting - [gson.GSONTest.nullFieldsInJson:arg0 = [TestObject{text=&apos;\u6253\u14B6\u60C8\u1361\u672E\uD61E\u88C8\uAA05\uB65C\u6BF8\uCA31\uBCF9\u900E\u9B72\uD098\uB0F0\u1F31\uCA5A&apos;, number=-1087398825, texts=[\u53EC\uA961\u72D6\u2DCB\u6923\u9311\u02CF\uA9E6\uB56B, \u8C92\u74C0\u83E2, g\&quot;yv\u00A4G/\u00B6\u00C3\u00B6I`\u00FC\u203A7\u001B*\u00B5\u0005f\u0192\u00B7\u2013B\u00D4w4\u201D\bV\u00DAV\u00BAlr\u2019\u00AB\u000B\u00FB6\u2014_\u00AA\u00FC3~?6\u00EB\u00EEg8}wg\u0014\u001B(\u001C\u00A5\u00DD\u00BB],\u00A0\u001C{\u00A1\u001Bz\u00DE\u2021\\W\u0019, \u2DBE\u75D6\u5AAE, \u00F2*Hr\u00EA\u000F\u0152\u00E0\u00E5\u00DA\u017E3\u00D3\u00CC\u00E7\u0002&apos;4\u00BC\u2020\u00D6\u0016\u00B7\u00F1o3I, \uBA7D\u4D3F\u9743\u77D7\u3BAC\u4B12\uD1A7\u2011\u667D\uA078\u8A29\u0778\u4D13\u15F6\u0864\uD79D\u0415\u8BFF\uB0F6\u5524\u9F1B\u5C42\u3ADC\u1043\uC3BF\u284B\u41E7\u2D54\u8C86\u8E3D\u54A7\uCAD8\u52EB\uA0E2\u1F80, \u80FD\u771A\u9C10\u956E\u88E2\uBDE9\u70D1\u3F97\u4233\u166C\u2A2F\uB1AB\u247E\u9F0A\uD61F\uB064\u04E2\u3377\u7F27\u084A\uD59D\u39DD, \u3777\u0D3E\uC62C\u1A34\u48E5\u3A9E\u4AA8\u192E\u5DD6\uAA13\u6E9F\u192B\u9DF0\u620A\u626D\u89D9\u1AFA\uAB29\u6D6A\u2F49\u1E4C\u0166\uC095\u2222\u0B55\u870F\u7FBF\u4793\uAFC4\u0EDC\u5143\u11F7\u7FE8\u5BD0\u52E8\u3F02\u4233\u1114\u3CB7\u1BC4\u8548\u6F54\uC6B8\uCA90\u8DA2\u8557\u3AE7\u13E4\u57C3\u0FD2\u7569\u1656\u4A50\uD51C\u095A, \u00B0GT\u00D0A\u0001\u00B1\u00C7\u00F2\u00C6\u00DF], bool=false}], seed = -9053213195566527817]
20:25:34.791 [main] DEBUG junit-quickcheck.value-reporting - Verifying property nullFieldsInJson from gson.GSONTest with these values:
20:25:34.791 [main] DEBUG junit-quickcheck.value-reporting - [gson.GSONTest.nullFieldsInJson:arg0 = [TestObject{text=&apos;\u0014\u20133\u00E6\u2013\u00CB\u00A4\u001C\u001C\u0161&apos;\u00CA\u00FDk\u00A5\u00AE\bB\u0002s\u2026\u2020\u000EP\u00AA\u00F3\u00CB\u00CD\u00F6(\u0014\u00ABz\u00A7\u00A1\u00EC\u00CB\u001C\u00EA\u00F0\u2018\u00A8s\u201D\u00CFs\u00DB\u00B9X\u00F1\u0152\u00B5\n\u2026.v\u0000\u00FA\u00FC\u0000\u00CE\u00ACb\u00C8V{\u0002/\u0178\u00AF&apos;, number=-55303185, texts=[\u117F\u59D8\u40DF\u468E\u2DAE\u30D7\u4F06\u1766\u472E\u2063\u98C1\u4F58\u0DEB, &gt;\u00F3\u0015~\f\u00D3\u00AB\u0007\u00D5\u00C3\u001DK\u001A?\u00FE\u00AC\u00B5\u001809\u00CF\u00E1\u00EE\u00FD\u001D\u00DE\u2039{\u00C8\u00EB/, \u51BC\u61F0\u52D5\u3C96\u39DE\uBA39\uD770\uADFA\u0ECF\u7544\u3825\uBA27\u11BE\uA3DB\uA211\u3412\u176A\u4E12\u2DDB\uC270\uB07D\u19DD\u6EA0\u9D0A\u3817\u6789\u297E\u872F\u1AFC\u2D04\u9E85\u4AE7\u93A8\u3221\u6136\uCF94\u5126\uAADB\u8BB8\u7EA6\u622E\u398D\u15E1\uC3EB, L\u00E7\u00C9r, \u04BE\u1EE5\u2138\u8EF6\u7BB2\uCF8D\uA1B8\u9500\u4D1D\u2DE8\u475D\u60FE\uC43E\uB12D\u1168\uAD2C\uD3A2\uBD54\uD391\u9DE5\u4B75\u2FCD\uB2D6\uCA60\uAF8A\u82DA\uCD0D\u2F3E\u715A\u6F91\uC934\u5ECB\uB374\u439E\u4107\u4EC3\u38B3\u0765\u68F5\u5575\u5E73\u885D\u8CB7\u8D83\u778F\uA455\uB559\u85BD\u4B72\u0ECA\u50E8\uBE9A\u71DA\u01F9\u07DD\u932D\u974B\u91D0\uB4DF\uC528\u93CB\u1803\uD17A\u00F6\u6638\u710E\u858C, \u0019\u017E:\u001ER-\u0010\u0017U&amp;\u0019\u00B5\u0003\u00D5\u00D4\u0153\u00EE(\u00EA\u00BC_\n\u00C6\u00B3\u0014\u001D\u00CA&gt;\u00FDi\u2019\u00AC\u00F1\u2020\u20AC6\u00E4\u00ED\u00A1\u0001\u0006u\u0000\u2018!,j\u00A4\u0192, \u4596], bool=false}], seed = -9053213195566527817]
20:25:34.792 [main] DEBUG junit-quickcheck.value-reporting - Verifying property nullFieldsInJson from gson.GSONTest with these values:
20:25:34.792 [main] DEBUG junit-quickcheck.value-reporting - [gson.GSONTest.nullFieldsInJson:arg0 = [TestObject{text=&apos;\u00FDw#\u00C9\u0161\u00A4c/-\u0192&gt;\u00AD\u00CD\\\f+\u00C6\u00A5#\u00E0&amp;\u00B0~\u00D4q\u00C5\u00BD\u00E1\u00DE\u00D64H\u00D3\u001D?\u00B3\u0160\u2020\u00C7\u00F2\u0014\u00DCH\u000FR\u00B8\u00BDyK4\u0152\u00C7\u02C6\u00C6P\u0012\u0012N\u017D\u00FB\u00BBD\u00CFA*\u00E6\rzx\u02DC\u2014#\u00F9\u00E3A\u00FB\f\u00A3hQ\u0160D\u0003vb\u0003\u00AC\u00DD\u00B8\u00A4\u00CFufH\u00FC|\u00F2S&apos;, number=-1536655093, texts=[\uA09F\uCC5B\u8524\u3CC9\u0FC3\u1E74\u8BD5\uADB2\u4186\u426F\u32DE\u4833\uA286\u392A, \u00C7}\u001A\u0012\u00AC\\\u00E4pa\u2018+\u0007\u01780\u00DE\u00FCe\u00F7\u00E7\u00A4\u00F4\u0014l\u201C\u20ACX0\u00A0X\u00E3\u0003.\u02C6\u00AA], bool=false}], seed = -9053213195566527817]
20:25:34.792 [main] DEBUG junit-quickcheck.value-reporting - Verifying property nullFieldsInJson from gson.GSONTest with these values:
20:25:34.792 [main] DEBUG junit-quickcheck.value-reporting - [gson.GSONTest.nullFieldsInJson:arg0 = [TestObject{text=&apos;\u0006&gt;\u00AF\u00DE\u0017\u203A\u00B5\u00D5&apos;, number=1278479584, texts=[\u4D7F\u88AB\u49A4\u7D90\uC348\u8E1C\u3698\u7A43\u5FAC\u5F88\uD3DA\uB1E3\u9F3A\u3E42\u20F7\u89DA\u673F\u5CFF\uB683\u816A\uC1B8\u456C\u7C5C\uA815\u03D9\u8C60\uC522\u8C77\u8E50\u35F3\uBA86\u94EC\uC627\u2C4B\uCB35\u0609\uCB5B\u9B0B\u41EC, \uB4B8\u23CB\u47D8\u50FE\u47AB\u6820\uA7B5\u0682\u0893\u4C9A\uA008\u29C0\u0461\u4249\u52B5\uAE45\u2181\u64B9\u9CB4\u4178\u439D\u4AED\u9876\uD3D5\u7868\u4C94\uC81C\u749C\u3529\uA1E3\uB60F\uC78B\uCF38\u12CB\uC304\u3F7C\u5F6C\u823A\u4029\uAE82\u438C\uC6C4\u0178\u6BA0\u5B27\u947B\u516E\u2BD5\u3834\u032E\u480C\u3029\u457C\u6AA4\u2237\u0159\u5C52\u8DCF, \u20AC\u01537\u00C0\u00B2R\u00A4, \t\u00C3r\u00D7., \u782A\u364D\uB02A\u401A\uCCDD\u8C9F\u1452\u7B03\uAA5C\u427F\u16ED\u3884\u2126\u066A\u3228\u5990\u7ABB\u0E39\u729B\uB1F0\u452B\u691D\uAFF4\uB892\u75C1\uB96E\uC5B6\uB7F8\u8DCA\u6905\u5721\u407C\u9B6A\u2F11\u3A30\u821B\uB032\uAB27], bool=true}], seed = -9053213195566527817]
20:25:34.792 [main] DEBUG junit-quickcheck.value-reporting - Verifying property nullFieldsInJson from gson.GSONTest with these values:
20:25:34.793 [main] DEBUG junit-quickcheck.value-reporting - [gson.GSONTest.nullFieldsInJson:arg0 = [TestObject{text=&apos;\u201C\u00D4\u00C6o\u00D5\u00B0\u00F1\u00F9\u00E1\u2022\u00E12\u0152e\u2021\u00E1,\u0004)r\b\u0004\u00CD\u001A(q&gt;7\u00E8&apos;, number=-504552980, texts=[\u2019r\u00BFu;|}\u0153\u00A5\u0014n\u00FB\u0003\u00D4FFd\u00BCi\u00D4\u0192W\u00FB\u00B2\u00D0E\u00BB]k\u0192\u02DCa\u00A1\u00C4, \u1CC4\uD1DD\uB7E8\u183B\u8C7E\u8593\u14A1\u7375\uA46A\u28EF\u7AA4\u5158, \u6E46\uA753\u2306\u5C9C\u1F96\uBD44\u39D1\u7C0D\u6D3B\u26AD\uA763\uD0F5\u68C0\u512C\u6F95\u6B4A\u7C96\u1823\u8D71\u9689\u04C1\uB066\u1A28\u6A8B\uCD0E\u3934\u7D0A\u1BAF\u3E90\u7CD9\u59ED\u5862\u5BF1\u26B5\u51BA\u313C\u99BE\uBF3F\u6ADF\u18FE\u40CE\u7FEF\u19C5\u0B0E\u37A4\u1906\u3A82\u53DB\uCCCB\u3217\uB952\u0D09\u9D38\uD665\u13A0\uA5B4\u6F1D\uCEAA\u2C07\u90FA\u744E\u3B59\uAF22\u7A26\u297D\u49F5\uA2A0\u4E19\u263C\u523F\u20A7\uC589\uD14D\u9B4E\uC724\u0584\uD31D\u7DB4\u95B1\u5127\u8BEC\u726A\u4B19\u4949\u74B3\uB8F3\u5122\u96E2\u5397\u796D\u8BC4\uB8B7\u3B93\u576F\uA795\uBDB0\u4FDE\u256B\uAE09\uB686, \u0494\u2277\u0D54\u8F0E\u8761\u979D\u08C6\uBBDA\uACAE\u8709\u1F6F\u79AC\u1676\u530B\u581D\u31DA\uC6C0\u4E63\u10B1\uCF7B\u83E8\u6A00\uB50A\uC64F\u4A47\uB62F\u6660\u3AA9\u0C07\u3BFC\uC9BB\u4347\u33C7\u08F7\u3CDF\u67C2\u0CA8\uD151\u2528\u9444\u1571\u0BAA\u272E\u08CA\u4D9E\uD5C0\uC8E3\uC201\u216A\u7185\u1880\u9E84\u0A14\u2B92\u9B29\u7D15\u9B35\u7E3A\u0557\u18F7\u34F9\u505D\uAADF\u0800\u475E\u78B7\u0E12\u4C05\u8B83\u90BC\uC929\u8470\u1984\uD4C7\u723C\u04CB\uD408\u6D3D\u8DCB\u2C49\u3A77\uD719\u2DCF\u649F\u391F\uC8E0\uCEC5\u9DE8\u1200\uAE29\u3CEA\uB672\u99E3\u7FF7\u9EE2\u2D17\u0591\u5C6D\u5971\u2DA4, W\u0012\u0006\u0161\u000ESX\nx\u00B6^bB\u02DC\u00FC\u00F1\u00AF\u2018gv#:\u00B3\u001CO8\u001AT\u2019\r\u00C1\u017E\u001C\u0152\u00E5H\u00DE\u00A2\u0192C\u2039&apos;\u0010\u001D\u00FE\u0007\n\u00AE\u0017\u00CCfC\u001A], bool=true}], seed = -9053213195566527817]
20:25:34.793 [main] DEBUG junit-quickcheck.value-reporting - Verifying property nullFieldsInJson from gson.GSONTest with these values:
20:25:34.793 [main] DEBUG junit-quickcheck.value-reporting - [gson.GSONTest.nullFieldsInJson:arg0 = [TestObject{text=&apos;Wb\u00CB{\u0003\u201C\u00E7\u00C6Q\u00CF+\u00CBE\u00A0n\u00E8\u00D9\u00F8\u00A3\u00CC=\u201An\u2018`\u00EA!\u00D0@{\\\u00D4\u00A2j\u00CE\u00D1\u00DE\u0006B?\u00F63\u00A4\u00E6\u0010-\u00A3}A\u201D\u00C2\u00FF\u00D2PT\u00F6@\n\u00B4ms\u00AB-F\u00E2\u000F\u00F1J\u00E4t6*\u00CA\u00DBC\u201Dl=9&amp;yQ&apos;, number=-544783923, texts=[\uD05B\uCD6B\u26E6\u2523\u88A6\u3C2F, \u394A\u9DD1\u65D3\u60C8\u643F\uA92A\uA80D\u342B\u8EBB\uAFEE\u0A7B\uD446\u939E\u9DFD\u4075\u4694\u3099\u7149\uB6D5\u5C9C\u2952\u48C6\u27D1\u7ADB\u9586\u451E\u1FC4\u4DC1\u82A6\uC704\uAC4C\u3E69\u4117\uD722\uBB5A\u8661\u8DD1\uB94A\u769F\uB3C1\u1EA9\u4D8F\u89CB\u5BE3\uD0B4\u301E\uD580\uD736\u6654\u236F\u9637\u94F0\uB42A\u5C84\u5994\u065E\u9F78\uA22C\u06E1\u8086\u9099\u5832\u8DEF\uA17A, \u2CA3\uC4E6\u18A9\u0524\u279F\u513C\u684C, \by\u2020], bool=false}], seed = -9053213195566527817]
20:25:34.793 [main] DEBUG junit-quickcheck.value-reporting - Verifying property nullFieldsInJson from gson.GSONTest with these values:
20:25:34.793 [main] DEBUG junit-quickcheck.value-reporting - [gson.GSONTest.nullFieldsInJson:arg0 = [TestObject{text=&apos;\u2026\u001A\u00B6\u00DEx|\u00BD\u00E9C\u00A2A\u00C6\u2030\u00D4\u00BA\u00D8\u001C\u00FD\u00C5\u2018\u0011\u201E#\u20AC&apos;, number=-941815826, texts=[\u00AE\u00B9\u00C0#\u00FDD&apos;\u00F9;\u2014\u00F6c, \uB5F7\u239F\uBEF9\u09C9\u5AD3\u5B7C\u9205\uB9E6\u060B\u97C2\u7E37\u014D\u0F9F\u0963\u05C0\u78F3\u4CCE\u345C\u405F\uC4ED\u2BF4\u2086\u7EB0\uA74B\u8CB4\u9832\u1619\uA671\u23A1\u1CDD\u67F8\u73F3\u106E, S\u00AC\u00140d\u00D7\u0012h\u00EE\u0001\u00E4\u0153\u00FF-\u0013\u00B3Y8E\u00CB=U[\u0192+|\u00BC\u00DD\f\u00F5\u00DA\u00A0\u00EB\u00A9\u0012\u00BE&lt;i]\u0161*\u00F8\u2020h\u0152\u2122\u00A5\u00E3s\u00A9\u00D3!\u00EA\u00EB\f \u02DC\u00D7\u00B6\u00BA#\u00B4HWmI\u00B0x\u00C5\u00AF\u00EE\u00D5tf\u00F7\u00F45X\u00AE`Q5\u00FEw\u00F2\u02DCKIh\u0019\u00C4dMFU\u00D5\u00C0eE&gt;, p\u00F6|\u001D\u00EC2\u00C6\u00D0\u00FDeQ&lt;\u00A0\u00B3C~\u00DD\u0014\u00D1\u00D9\u00D6\u00F6(\u00BB\u0006\u2013\u00C6\u00C3}\u0160\u00D6\u00B8Ope\u00F4\u001A\u001CM\u00C8\u00E1O\u00FA\u00F6a\u00A5\u00BC\tW2I\t\u00DE\u00C6\u00BDl\u00DD\u0016u\u001E\u0007\u0016\u2026\u00E9\u00C4\u017Es{\u203A\u00A8\u00BD\u00FA\u00BEf\u00D7\u000EL\u00A4\u00FEuI2Y\u02C6\u001E`\u00A9\u00E6\b@\u2013\u00E2\u00A8\u00C0\u0016\u00BC\u00DFa,x, \u0007O\u00FD\u20ACr\u00D8f\u2018i\b\u00034p&apos;5\u2026\u00F4\u0016\u00F2H\u00B7:\u00BDFA\u201CX6[z\u001B\u00B2 \u20AC\rq\u0017h\u0152\u00A8\u00AA\u00FC\u00EDU, \u2026\u0152\u00DC\u0003J\u2030t\u00FB\u00E6\u2122M\u00DF\u00F5, \u4D40\u0280\u1786\u6E6B\u1D07\u4CF6\uAB60\u59CA\uD408\uD084\u57C7\u98E8\u9FD9\u3613\uD662\u6F02\u369B\u0576\u1A13\uD19A\u9B75\uAF46\u19AB\u4D16\u1779\u7243\u0FC6\u4F2C\u2562\uD625\u701B\u18F6\uB032\uCA24\u7572\u8727\u6ACA\u04D6\u3DB8\uBD17\u2A6D\uA87D\u934A\u25C6\u8E71\uB764\u0E62\u7CAE\u668C\u3F5C\uB2AB\u1A4D\u5793\u071B\u3CBB\uD7EB\u4EE1\u5BD7, \u7550\uC28E\u4423\u460B\u92CD\u7314\uD716\u74D2\u5A35\u6389\u3056\u5DC4\uA4F1\u1F53\u6383\u8267\uCB21\u6E75\u499E\u87F1\uD77B\u3454\u20E2\uA49A\uBF34\uA016\u33BE\u4C6D\u8FCA\u0D4E\u4001\u1ED5\u7A25\u55C2\u3914\uCAF5\u039A\u30DB\u83E3\uAAD6\u1C75\uA5A4\uC74E\u3D30\u57DD\u8163\u9A34\u6827\u0A58\u4FA6\uC96F\u25D9\u95F2\u7131\u5727\uBEB4\u881A\u3323\u7835\u4823\u90DF\u9DEB\uA5E4\u6499\uB351\u56E8\u08DD\u97E0\u96DC\u0A16\u221B\u7B56\u8D29\uB5FB\u27B6\uA249\u070C\uAADE\uCC4C\u5BFB\u9830\u527B\uA661\u9D0D\u9A13\u2D32\u4517\u798A\u6752\u13B2\u9757\u8122\u29AF\uD5B9\u1E9D\u6317\u2551\u4C3C\uA196\uAC44], bool=false}], seed = -9053213195566527817]
20:25:34.794 [main] DEBUG junit-quickcheck.value-reporting - Verifying property nullFieldsInJson from gson.GSONTest with these values:
20:25:34.794 [main] DEBUG junit-quickcheck.value-reporting - [gson.GSONTest.nullFieldsInJson:arg0 = [TestObject{text=&apos;\u00BB\u00AA\u0001^\u00B1\u00ACv\u00ED\f\u0006\u00A1\u00D9\u00CEr\u00C0\u00C9{;)2!\u000FD\u00A1\&quot;\u00D2\u00C57\u00EE\u0011\u0019\u2022\u01608C\u0010I\u001D\u00B5G\u00D7iE\u0001\u00DF@\&quot;\u001BN\r\u02C6\u017D\u00F1\u201DQ\u00A8y!\u00AB+\u00C8\u0178\u2014\u00FA\u0000\u00BE\u00F4\u00F8\u00D9\u00F4\u00DCU\u0192\u00AC\u00D6y\u00B1I\u0015\u00D1&apos;, number=784565834, texts=[], bool=false}], seed = -9053213195566527817]
</system-out>
  </testcase>
  <testcase classname="gson.GSONTest" name="testJsonToObjectNested" time="0.169"/>
  <testcase classname="gson.GSONTest" name="testJsonToPrimitiveString" time="0.009"/>
  <testcase classname="gson.GSONTest" name="testJsonToObjectToJson" time="0.034"/>
  <testcase classname="gson.GSONTest" name="testObjectToJson" time="0.033"/>
  <testcase classname="gson.GSONTest" name="testRandomJsonGenerator" time="0.728"/>
  <testcase classname="gson.GSONTest" name="randomObjects" time="2.819"/>
  <testcase classname="gson.GSONTest" name="testObjectToJsonToOtherObject" time="0.036"/>
  <testcase classname="gson.GSONTest" name="testPrimitiveStringToJSON" time="0.014"/>
  <testcase classname="gson.GSONTest" name="nullFields" time="0.034"/>
  <testcase classname="gson.GSONTest" name="testPrimitiveDoubleToJSON" time="0.011"/>
</testsuite>